#
# A fatal error has been detected by the Java Runtime Environment:
#
#  EXCEPTION_ACCESS_VIOLATION (0xc0000005) at pc=0x00007ff93eddc8e8, pid=9412, tid=3324
#
# JRE version: OpenJDK Runtime Environment Temurin-17.0.4.1+1 (17.0.4.1+1) (build 17.0.4.1+1)
# Java VM: OpenJDK 64-Bit Server VM Temurin-17.0.4.1+1 (17.0.4.1+1, mixed mode, tiered, compressed oops, compressed class ptrs, parallel gc, windows-amd64)
# Problematic frame:
# V  [jvm.dll+0xc8e8]
#
# No core dump will be written. Minidumps are not enabled by default on client versions of Windows
#
# If you would like to submit a bug report, please visit:
#   https://github.com/adoptium/adoptium-support/issues
#

---------------  S U M M A R Y ------------

Command Line: --add-modules=ALL-SYSTEM --add-opens=java.base/java.util=ALL-UNNAMED --add-opens=java.base/java.lang=ALL-UNNAMED --add-opens=java.base/sun.nio.fs=ALL-UNNAMED -Declipse.application=org.eclipse.jdt.ls.core.id1 -Dosgi.bundles.defaultStartLevel=4 -Declipse.product=org.eclipse.jdt.ls.core.product -Djava.import.generatesMetadataFilesAtProjectRoot=false -Dfile.encoding=utf8 -DwatchParentProcess=false -XX:+UseParallelGC -XX:GCTimeRatio=4 -XX:AdaptiveSizePolicyWeight=90 -Dsun.zip.disableMemoryMapping=true -Xmx1G -Xms100m -Xlog:disable -javaagent:c:\Users\lg24v\.vscode\extensions\redhat.java-1.11.0-win32-x64\lombok\lombok-1.18.24.jar -XX:+HeapDumpOnOutOfMemoryError -XX:HeapDumpPath=c:\Users\lg24v\AppData\Roaming\Code\User\workspaceStorage\108bc348d9c5fd9aa4b294905fcaee87\redhat.java c:\Users\lg24v\.vscode\extensions\redhat.java-1.11.0-win32-x64\server\plugins\org.eclipse.equinox.launcher_1.6.400.v20210924-0641.jar -configuration c:\Users\lg24v\AppData\Roaming\Code\User\globalStorage\redhat.java\1.11.0\config_win -data c:\Users\lg24v\AppData\Roaming\Code\User\workspaceStorage\108bc348d9c5fd9aa4b294905fcaee87\redhat.java\jdt_ws

Host: Intel(R) Core(TM) i5-5200U CPU @ 2.20GHz, 4 cores, 3G,  Windows 10 , 64 bit Build 19041 (10.0.19041.1889)
Time: Sun Oct  2 10:40:13 2022 Hora est. Pacífico, Sudamérica elapsed time: 6932.760612 seconds (0d 1h 55m 32s)

---------------  T H R E A D  ---------------

Current thread (0x0000022840aee8d0):  GCTaskThread "GC Thread#3" [stack: 0x00000098d6400000,0x00000098d6500000] [id=3324]

Stack: [0x00000098d6400000,0x00000098d6500000],  sp=0x00000098d64ff908,  free space=1022k
Native frames: (J=compiled Java code, j=interpreted, Vv=VM code, C=native code)
V  [jvm.dll+0xc8e8]


siginfo: EXCEPTION_ACCESS_VIOLATION (0xc0000005), reading address 0x0000000000000010


Register to memory mapping:

RIP=0x00007ff93eddc8e8 jvm.dll
RAX=0x0000000000000001 is an unknown value
RBX=0xc2206308200c8b2e is an unknown value
RCX=0x0000000000000003 is an unknown value
RDX=0x00000000eae62440 points into unknown readable memory: 0xc2206308200c8b2e | 2e 8b 0c 20 08 63 20 c2
RSP=0x00000098d64ff908 points into unknown readable memory: 0x00007ff93f483df6 | f6 3d 48 3f f9 7f 00 00
RBP=0x00000098d64ff988 points into unknown readable memory: 0x000000000000000c | 0c 00 00 00 00 00 00 00
RSI=0x00000000eb089264 points into unknown readable memory: 40 24 e6 ea
RDI=0x000002283e8c2900 points into unknown readable memory: 0x00007ff93f77ed68 | 68 ed 77 3f f9 7f 00 00
R8 =0x0000000000000008 is an unknown value
R9 =0x000000000000000c is an unknown value
R10=0x0 is NULL
R11=0x000002283e8c2900 points into unknown readable memory: 0x00007ff93f77ed68 | 68 ed 77 3f f9 7f 00 00
R12=0x0 is NULL
R13=0x0000000000000010 is an unknown value
R14=0x00000000eae62440 points into unknown readable memory: 0xc2206308200c8b2e | 2e 8b 0c 20 08 63 20 c2
R15=0x000002283e8c2900 points into unknown readable memory: 0x00007ff93f77ed68 | 68 ed 77 3f f9 7f 00 00


Registers:
RAX=0x0000000000000001, RBX=0xc2206308200c8b2e, RCX=0x0000000000000003, RDX=0x00000000eae62440
RSP=0x00000098d64ff908, RBP=0x00000098d64ff988, RSI=0x00000000eb089264, RDI=0x000002283e8c2900
R8 =0x0000000000000008, R9 =0x000000000000000c, R10=0x0000000000000000, R11=0x000002283e8c2900
R12=0x0000000000000000, R13=0x0000000000000010, R14=0x00000000eae62440, R15=0x000002283e8c2900
RIP=0x00007ff93eddc8e8, EFLAGS=0x0000000000010202

Top of Stack: (sp=0x00000098d64ff908)
0x00000098d64ff908:   00007ff93f483df6 0000000000000001
0x00000098d64ff918:   00000000eb024128 00000098d64ff9d8
0x00000098d64ff928:   00007ff93f4850b1 00007ff93f77df60
0x00000098d64ff938:   000002282aacdfb0 000002283e8c2900
0x00000098d64ff948:   0000000000000400 00000000eb0a9210
0x00000098d64ff958:   0000000000001000 00000000cbc19678
0x00000098d64ff968:   00000000cbc1ad80 0000000000000009
0x00000098d64ff978:   0000000000001000 0000000000000010
0x00000098d64ff988:   000000000000000c 0000000000000001
0x00000098d64ff998:   0000000000000000 00000000eb089264
0x00000098d64ff9a8:   c2206308200c8b2e 0000000000000000
0x00000098d64ff9b8:   00007ff93f484cf0 000002283e8c2900
0x00000098d64ff9c8:   00007ff93f77df60 c2206308200c8b2e
0x00000098d64ff9d8:   00000098d55ff038 002a79170000d85a
0x00000098d64ff9e8:   0000000000000005 00000098d55ff090
0x00000098d64ff9f8:   00000098d55ff038 0000000000000001 

Instructions: (pc=0x00007ff93eddc8e8)
0x00007ff93eddc7e8:   48 83 c4 20 5e c3 cc cc 48 8b 01 c3 cc cc cc cc
0x00007ff93eddc7f8:   cc cc cc cc cc cc cc cc 4c 8b 01 4c 8b c9 48 8b
0x00007ff93eddc808:   0d f3 c2 b4 00 ba 44 60 08 00 e9 59 f2 ff ff cc
0x00007ff93eddc818:   cc cc cc cc cc cc cc cc 48 89 5c 24 08 57 48 83
0x00007ff93eddc828:   ec 20 48 8b 39 48 8b d9 48 85 3d a1 a0 b9 00 75
0x00007ff93eddc838:   0e 48 8b c7 48 8b 5c 24 30 48 83 c4 20 5f c3 48
0x00007ff93eddc848:   8b cf e8 51 6e 85 00 48 8b d0 48 85 c0 74 20 48
0x00007ff93eddc858:   8b c7 f0 48 0f b1 13 74 16 48 85 05 70 a0 b9 00
0x00007ff93eddc868:   74 0d 48 8b c8 f0 48 0f b1 13 48 3b c1 75 ea 48
0x00007ff93eddc878:   8b 5c 24 30 48 8b c2 48 83 c4 20 5f c3 cc cc cc
0x00007ff93eddc888:   cc cc cc cc cc cc cc cc 4c 8b 01 4c 8b c9 48 8b
0x00007ff93eddc898:   0d 63 c2 b4 00 ba 64 60 08 00 e9 c9 f1 ff ff cc
0x00007ff93eddc8a8:   cc cc cc cc cc cc cc cc 8b 05 42 0a af 00 c3 cc
0x00007ff93eddc8b8:   cc cc cc cc cc cc cc cc 0f b6 05 98 ca b5 00 48
0x00007ff93eddc8c8:   8b d1 84 c0 74 16 44 8b 41 08 8b 0d 20 0a af 00
0x00007ff93eddc8d8:   49 d3 e0 4c 03 05 0e 0a af 00 eb 04 4c 8b 41 08
0x00007ff93eddc8e8:   45 8b 50 08 45 85 d2 7e 0e 41 f6 c2 01 75 53 41
0x00007ff93eddc8f8:   c1 fa 03 41 8b c2 c3 79 49 84 c0 b9 10 00 00 00
0x00007ff93eddc908:   8b 05 26 19 af 00 41 b8 0c 00 00 00 41 0f 45 c8
0x00007ff93eddc918:   ff c8 4c 63 c8 48 63 14 11 41 8b ca 83 e1 3f 48
0x00007ff93eddc928:   d3 e2 41 8b ca 48 c1 f9 10 0f b6 c1 49 8d 0c 11
0x00007ff93eddc938:   49 f7 d1 48 03 c1 49 c1 e9 03 48 c1 e8 03 41 23
0x00007ff93eddc948:   c1 c3 49 8b 00 49 8b c8 48 ff a0 00 01 00 00 cc
0x00007ff93eddc958:   cc cc cc cc cc cc cc cc 8b 44 24 30 45 03 c9 44
0x00007ff93eddc968:   2b 4c 24 28 83 c0 0b 44 03 ca 45 03 c8 41 03 c1
0x00007ff93eddc978:   c3 cc cc cc cc cc cc cc 4c 8b ca 48 8b d1 45 8b
0x00007ff93eddc988:   41 08 45 85 c0 7e 0e 41 f6 c0 01 75 56 41 c1 f8
0x00007ff93eddc998:   03 41 8b c0 c3 79 4c 80 3d b9 c9 b5 00 00 b8 0c
0x00007ff93eddc9a8:   00 00 00 b9 10 00 00 00 0f 45 c8 8b 05 7b 18 af
0x00007ff93eddc9b8:   00 ff c8 4c 63 c8 48 63 14 11 41 8b c8 83 e1 3f
0x00007ff93eddc9c8:   48 d3 e2 41 8b c8 48 c1 f9 10 0f b6 c1 49 8d 0c
0x00007ff93eddc9d8:   11 49 f7 d1 48 03 c1 49 c1 e9 03 48 c1 e8 03 41 


Stack slot to memory mapping:
stack at sp + 0 slots: 0x00007ff93f483df6 jvm.dll
stack at sp + 1 slots: 0x0000000000000001 is an unknown value
stack at sp + 2 slots: 0x00000000eb024128 is an oop: org.eclipse.jdt.internal.compiler.util.HashtableOfModule 
{0x00000000eb024128} - klass: 'org/eclipse/jdt/internal/compiler/util/HashtableOfModule'
 - ---- fields (total size 4 words):
 - public 'elementSize' 'I' @12  36 (24)
 - 'threshold' 'I' @16  38 (26)
 - public 'keyTable' '[[C' @20  a {type array char}[66] {0x00000000eb024148} (eb024148)
 - public 'valueTable' '[Lorg/eclipse/jdt/internal/compiler/lookup/ModuleBinding;' @24  a 'org/eclipse/jdt/internal/compiler/lookup/ModuleBinding'[66] {0x00000000eb024260} (eb024260)
stack at sp + 3 slots: 0x00000098d64ff9d8 points into unknown readable memory: 0x00000098d55ff038 | 38 f0 5f d5 98 00 00 00
stack at sp + 4 slots: 0x00007ff93f4850b1 jvm.dll
stack at sp + 5 slots: 0x00007ff93f77df60 jvm.dll
stack at sp + 6 slots: 0x000002282aacdfb0 points into unknown readable memory: 0x00007ff93f77fad0 | d0 fa 77 3f f9 7f 00 00
stack at sp + 7 slots: 0x000002283e8c2900 points into unknown readable memory: 0x00007ff93f77ed68 | 68 ed 77 3f f9 7f 00 00


---------------  P R O C E S S  ---------------

Threads class SMR info:
_java_thread_list=0x00000228450d79c0, length=30, elements={
0x000002282aabd7f0, 0x000002283e8ddd50, 0x000002283e8df360, 0x000002283e8ebaf0,
0x000002283e8ec960, 0x000002283e91d010, 0x000002283e91eee0, 0x000002283e923170,
0x000002283e926300, 0x000002283e92f4c0, 0x0000022840355410, 0x00000228405ac420,
0x0000022840d4f5b0, 0x0000022840d81cc0, 0x0000022840d4eb10, 0x0000022840e49d70,
0x0000022840a484e0, 0x000002284048b570, 0x000002284048b0a0, 0x0000022840489d60,
0x0000022844bb0a20, 0x000002284048c8b0, 0x000002284048d720, 0x000002284048d250,
0x000002284048a230, 0x000002284048a700, 0x00000228447142f0, 0x0000022844715630,
0x000002284470e780, 0x0000022844712140
}

Java Threads: ( => current thread )
  0x000002282aabd7f0 JavaThread "main" [_thread_blocked, id=8940, stack(0x00000098d5300000,0x00000098d5400000)]
  0x000002283e8ddd50 JavaThread "Reference Handler" daemon [_thread_blocked, id=2596, stack(0x00000098d5600000,0x00000098d5700000)]
  0x000002283e8df360 JavaThread "Finalizer" daemon [_thread_blocked, id=9244, stack(0x00000098d5700000,0x00000098d5800000)]
  0x000002283e8ebaf0 JavaThread "Signal Dispatcher" daemon [_thread_blocked, id=5728, stack(0x00000098d5800000,0x00000098d5900000)]
  0x000002283e8ec960 JavaThread "Attach Listener" daemon [_thread_blocked, id=6424, stack(0x00000098d5900000,0x00000098d5a00000)]
  0x000002283e91d010 JavaThread "Service Thread" daemon [_thread_blocked, id=6348, stack(0x00000098d5a00000,0x00000098d5b00000)]
  0x000002283e91eee0 JavaThread "Monitor Deflation Thread" daemon [_thread_blocked, id=9500, stack(0x00000098d5b00000,0x00000098d5c00000)]
  0x000002283e923170 JavaThread "C2 CompilerThread0" daemon [_thread_blocked, id=9632, stack(0x00000098d5c00000,0x00000098d5d00000)]
  0x000002283e926300 JavaThread "C1 CompilerThread0" daemon [_thread_blocked, id=9952, stack(0x00000098d5d00000,0x00000098d5e00000)]
  0x000002283e92f4c0 JavaThread "Sweeper thread" daemon [_thread_blocked, id=4720, stack(0x00000098d5e00000,0x00000098d5f00000)]
  0x0000022840355410 JavaThread "Common-Cleaner" daemon [_thread_blocked, id=1656, stack(0x00000098d5f00000,0x00000098d6000000)]
  0x00000228405ac420 JavaThread "Notification Thread" daemon [_thread_blocked, id=10040, stack(0x00000098d6000000,0x00000098d6100000)]
  0x0000022840d4f5b0 JavaThread "Active Thread: Equinox Container: 61719ad1-965d-4d80-89ac-4ce93ec191f4" [_thread_blocked, id=9664, stack(0x00000098d6500000,0x00000098d6600000)]
  0x0000022840d81cc0 JavaThread "Framework Event Dispatcher: Equinox Container: 61719ad1-965d-4d80-89ac-4ce93ec191f4" daemon [_thread_blocked, id=8764, stack(0x00000098d6700000,0x00000098d6800000)]
  0x0000022840d4eb10 JavaThread "Start Level: Equinox Container: 61719ad1-965d-4d80-89ac-4ce93ec191f4" daemon [_thread_blocked, id=7260, stack(0x00000098d6800000,0x00000098d6900000)]
  0x0000022840e49d70 JavaThread "SCR Component Actor" daemon [_thread_blocked, id=5136, stack(0x00000098d6600000,0x00000098d6700000)]
  0x0000022840a484e0 JavaThread "Bundle File Closer" daemon [_thread_blocked, id=5096, stack(0x00000098d6a00000,0x00000098d6b00000)]
  0x000002284048b570 JavaThread "Worker-JM" [_thread_blocked, id=9056, stack(0x00000098d6b00000,0x00000098d6c00000)]
  0x000002284048b0a0 JavaThread "Java indexing" daemon [_thread_blocked, id=2604, stack(0x00000098d7100000,0x00000098d7200000)]
  0x0000022840489d60 JavaThread "pool-1-thread-1" [_thread_blocked, id=9840, stack(0x00000098d6900000,0x00000098d6a00000)]
  0x0000022844bb0a20 JavaThread "Worker-23: Publish Diagnostics" [_thread_blocked, id=1880, stack(0x00000098d7000000,0x00000098d7100000)]
  0x000002284048c8b0 JavaThread "Worker-27" [_thread_blocked, id=2380, stack(0x00000098d5100000,0x00000098d5200000)]
  0x000002284048d720 JavaThread "ForkJoinPool.commonPool-worker-22" daemon [_thread_blocked, id=7940, stack(0x00000098d5000000,0x00000098d5100000)]
  0x000002284048d250 JavaThread "ForkJoinPool.commonPool-worker-23" daemon [_thread_blocked, id=7308, stack(0x00000098d5200000,0x00000098d5300000)]
  0x000002284048a230 JavaThread "ForkJoinPool.commonPool-worker-24" daemon [_thread_blocked, id=9828, stack(0x00000098d6c00000,0x00000098d6d00000)]
  0x000002284048a700 JavaThread "ForkJoinPool.commonPool-worker-25" daemon [_thread_blocked, id=7564, stack(0x00000098d6d00000,0x00000098d6e00000)]
  0x00000228447142f0 JavaThread "ForkJoinPool.commonPool-worker-26" daemon [_thread_blocked, id=9472, stack(0x00000098d6e00000,0x00000098d6f00000)]
  0x0000022844715630 JavaThread "ForkJoinPool.commonPool-worker-27" daemon [_thread_blocked, id=10048, stack(0x00000098d6f00000,0x00000098d7000000)]
  0x000002284470e780 JavaThread "ForkJoinPool.commonPool-worker-28" daemon [_thread_blocked, id=1196, stack(0x00000098d7200000,0x00000098d7300000)]
  0x0000022844712140 JavaThread "Worker-28" [_thread_blocked, id=9584, stack(0x00000098d7300000,0x00000098d7400000)]

Other Threads:
  0x000002283e8c6460 VMThread "VM Thread" [stack: 0x00000098d5500000,0x00000098d5600000] [id=4668]
  0x00000228405ac8f0 WatcherThread [stack: 0x00000098d6100000,0x00000098d6200000] [id=7408]
  0x000002282aad5650 GCTaskThread "GC Thread#0" [stack: 0x00000098d5400000,0x00000098d5500000] [id=10164]
  0x0000022840b3a420 GCTaskThread "GC Thread#1" [stack: 0x00000098d6200000,0x00000098d6300000] [id=9768]
  0x000002284089ff90 GCTaskThread "GC Thread#2" [stack: 0x00000098d6300000,0x00000098d6400000] [id=6736]
=>0x0000022840aee8d0 GCTaskThread "GC Thread#3" [stack: 0x00000098d6400000,0x00000098d6500000] [id=3324]

Threads with active compile tasks:
C2 CompilerThread0  6932937 26744   !   4       org.eclipse.jdt.internal.core.BasicCompilationUnit::initAttributes (214 bytes)

VM state: at safepoint (normal execution)

VM Mutex/Monitor currently owned by a thread:  ([mutex/lock_event])
[0x000002282aaba400] Threads_lock - owner thread: 0x000002283e8c6460
[0x000002282aaba9a0] Heap_lock - owner thread: 0x0000022844bb0a20

Heap address: 0x00000000c0000000, size: 1024 MB, Compressed Oops mode: 32-bit

CDS archive(s) not mapped
Compressed class space mapped at: 0x0000000100000000-0x0000000140000000, reserved size: 1073741824
Narrow klass base: 0x0000000000000000, Narrow klass shift: 3, Narrow klass range: 0x140000000

GC Precious Log:
 CPUs: 4 total, 4 available
 Memory: 4001M
 Large Page Support: Disabled
 NUMA Support: Disabled
 Compressed Oops: Enabled (32-bit)
 Alignments: Space 512K, Generation 512K, Heap 2M
 Heap Min Capacity: 100M
 Heap Initial Capacity: 100M
 Heap Max Capacity: 1G
 Pre-touch: Disabled
 Parallel Workers: 4

Heap:
 PSYoungGen      total 4608K, used 4586K [0x00000000eab00000, 0x00000000eb100000, 0x0000000100000000)
  eden space 4096K, 100% used [0x00000000eab00000,0x00000000eaf00000,0x00000000eaf00000)
  from space 512K, 95% used [0x00000000eaf80000,0x00000000eaffa910,0x00000000eb000000)
  to   space 1024K, 87% used [0x00000000eb000000,0x00000000eb0e1210,0x00000000eb100000)
 ParOldGen       total 229888K, used 193103K [0x00000000c0000000, 0x00000000ce080000, 0x00000000eab00000)
  object space 229888K, 83% used [0x00000000c0000000,0x00000000cbc93fa0,0x00000000ce080000)
 Metaspace       used 89191K, committed 90432K, reserved 1130496K
  class space    used 8586K, committed 9152K, reserved 1048576K

Card table byte_map: [0x000002282a480000,0x000002282a690000] _byte_map_base: 0x0000022829e80000

Marking Bits: (ParMarkBitMap*) 0x00007ff93f952cc0
 Begin Bits: [0x000002283c760000, 0x000002283d760000)
 End Bits:   [0x000002283d760000, 0x000002283e760000)

Polling page: 0x0000022828a90000

Metaspace:

Usage:
  Non-class:     78.72 MB used.
      Class:      8.38 MB used.
       Both:     87.10 MB used.

Virtual space:
  Non-class space:       80.00 MB reserved,      79.38 MB (>99%) committed,  10 nodes.
      Class space:        1.00 GB reserved,       8.94 MB ( <1%) committed,  1 nodes.
             Both:        1.08 GB reserved,      88.31 MB (  8%) committed. 

Chunk freelists:
   Non-Class:  448.00 KB
       Class:  3.09 MB
        Both:  3.53 MB

MaxMetaspaceSize: unlimited
CompressedClassSpaceSize: 1.00 GB
Initial GC threshold: 21.00 MB
Current GC threshold: 147.00 MB
CDS: off
MetaspaceReclaimPolicy: balanced
 - commit_granule_bytes: 65536.
 - commit_granule_words: 8192.
 - virtual_space_node_default_size: 1048576.
 - enlarge_chunks_in_place: 1.
 - new_chunks_are_fully_committed: 0.
 - uncommit_free_chunks: 1.
 - use_allocation_guard: 0.
 - handle_deallocations: 1.


Internal statistics:

num_allocs_failed_limit: 9.
num_arena_births: 984.
num_arena_deaths: 192.
num_vsnodes_births: 11.
num_vsnodes_deaths: 0.
num_space_committed: 1413.
num_space_uncommitted: 0.
num_chunks_returned_to_freelist: 256.
num_chunks_taken_from_freelist: 4884.
num_chunk_merges: 80.
num_chunk_splits: 2852.
num_chunks_enlarged: 1523.
num_purges: 10.
num_inconsistent_stats: 0.

CodeHeap 'non-profiled nmethods': size=120000Kb used=25913Kb max_used=26304Kb free=94086Kb
 bounds [0x0000022835230000, 0x0000022836bf0000, 0x000002283c760000]
CodeHeap 'profiled nmethods': size=120000Kb used=37678Kb max_used=38957Kb free=82321Kb
 bounds [0x000002282dd00000, 0x0000022830320000, 0x0000022835230000]
CodeHeap 'non-nmethods': size=5760Kb used=1419Kb max_used=1487Kb free=4340Kb
 bounds [0x000002282d760000, 0x000002282d9d0000, 0x000002282dd00000]
 total_blobs=19119 nmethods=18355 adapters=673
 compilation: enabled
              stopped_count=0, restarted_count=0
 full_count=0

Compilation events (20 events):
Event: 6882.688 Thread 0x000002283e923170 nmethod 26727 0x0000022835c64090 code [0x0000022835c64220, 0x0000022835c64398]
Event: 6911.734 Thread 0x000002283e926300 26728       3       java.util.HashMap$Values::spliterator (16 bytes)
Event: 6913.478 Thread 0x000002283e926300 nmethod 26728 0x000002282f503d10 code [0x000002282f503ec0, 0x000002282f504088]
Event: 6915.656 Thread 0x000002283e926300 26732       3       java.util.ArrayList::equals (62 bytes)
Event: 6921.008 Thread 0x000002283e926300 nmethod 26732 0x000002282f18ea90 code [0x000002282f18eca0, 0x000002282f18f468]
Event: 6921.008 Thread 0x000002283e926300 26733       3       java.util.ArrayList::equalsArrayList (108 bytes)
Event: 6921.009 Thread 0x000002283e926300 nmethod 26733 0x000002282f0a4f10 code [0x000002282f0a5120, 0x000002282f0a5928]
Event: 6921.009 Thread 0x000002283e926300 26734   !   3       java.util.Collections$SynchronizedCollection::toArray (24 bytes)
Event: 6921.050 Thread 0x000002283e926300 nmethod 26734 0x000002282e62ee10 code [0x000002282e62efc0, 0x000002282e62f268]
Event: 6921.640 Thread 0x000002283e923170 26735       4       org.eclipse.core.internal.resources.Project::getDefaultCharset (35 bytes)
Event: 6927.816 Thread 0x000002283e923170 nmethod 26735 0x0000022836534690 code [0x0000022836534860, 0x0000022836534b60]
Event: 6928.067 Thread 0x000002283e923170 26737       4       org.eclipse.jdt.internal.compiler.lookup.ClassScope::connectSuperInterfaces (479 bytes)
Event: 6928.660 Thread 0x000002283e926300 26738       3       com.google.gson.ToNumberPolicy$2::readNumber (12 bytes)
Event: 6928.890 Thread 0x000002283e926300 nmethod 26738 0x000002282e9e3e90 code [0x000002282e9e4040, 0x000002282e9e43a8]
Event: 6928.890 Thread 0x000002283e926300 26742       3       com.microsoft.java.debug.plugin.internal.ResolveMainMethodHandler::searchMainMethods (62 bytes)
Event: 6928.949 Thread 0x000002283e926300 nmethod 26742 0x000002282f3c2110 code [0x000002282f3c2360, 0x000002282f3c2eb8]
Event: 6929.551 Thread 0x000002283e923170 nmethod 26737 0x0000022835d47010 code [0x0000022835d47260, 0x0000022835d47f50]
Event: 6929.563 Thread 0x000002283e923170 26741       4       org.eclipse.jdt.ls.core.internal.handlers.WorkspaceExecuteCommandHandler$$Lambda$422/0x0000000100722978::test (12 bytes)
Event: 6929.783 Thread 0x000002283e923170 nmethod 26741 0x000002283595fe10 code [0x0000022835960040, 0x0000022835960e90]
Event: 6930.354 Thread 0x000002283e923170 26744   !   4       org.eclipse.jdt.internal.core.BasicCompilationUnit::initAttributes (214 bytes)

GC Heap History (20 events):
Event: 6930.754 GC heap after
{Heap after GC invocations=13317 (full 229):
 PSYoungGen      total 5632K, used 506K [0x00000000eab00000, 0x00000000eb280000, 0x0000000100000000)
  eden space 5120K, 0% used [0x00000000eab00000,0x00000000eab00000,0x00000000eb000000)
  from space 512K, 98% used [0x00000000eb200000,0x00000000eb27e900,0x00000000eb280000)
  to   space 1024K, 0% used [0x00000000eb080000,0x00000000eb080000,0x00000000eb180000)
 ParOldGen       total 229888K, used 186932K [0x00000000c0000000, 0x00000000ce080000, 0x00000000eab00000)
  object space 229888K, 81% used [0x00000000c0000000,0x00000000cb68d378,0x00000000ce080000)
 Metaspace       used 89191K, committed 90432K, reserved 1130496K
  class space    used 8586K, committed 9152K, reserved 1048576K
}
Event: 6930.830 GC heap before
{Heap before GC invocations=13318 (full 229):
 PSYoungGen      total 5632K, used 5626K [0x00000000eab00000, 0x00000000eb280000, 0x0000000100000000)
  eden space 5120K, 100% used [0x00000000eab00000,0x00000000eb000000,0x00000000eb000000)
  from space 512K, 98% used [0x00000000eb200000,0x00000000eb27e900,0x00000000eb280000)
  to   space 1024K, 0% used [0x00000000eb080000,0x00000000eb080000,0x00000000eb180000)
 ParOldGen       total 229888K, used 186932K [0x00000000c0000000, 0x00000000ce080000, 0x00000000eab00000)
  object space 229888K, 81% used [0x00000000c0000000,0x00000000cb68d378,0x00000000ce080000)
 Metaspace       used 89191K, committed 90432K, reserved 1130496K
  class space    used 8586K, committed 9152K, reserved 1048576K
}
Event: 6930.835 GC heap after
{Heap after GC invocations=13318 (full 229):
 PSYoungGen      total 6144K, used 842K [0x00000000eab00000, 0x00000000eb280000, 0x0000000100000000)
  eden space 5120K, 0% used [0x00000000eab00000,0x00000000eab00000,0x00000000eb000000)
  from space 1024K, 82% used [0x00000000eb080000,0x00000000eb152910,0x00000000eb180000)
  to   space 1024K, 0% used [0x00000000eb180000,0x00000000eb180000,0x00000000eb280000)
 ParOldGen       total 229888K, used 187385K [0x00000000c0000000, 0x00000000ce080000, 0x00000000eab00000)
  object space 229888K, 81% used [0x00000000c0000000,0x00000000cb6fe588,0x00000000ce080000)
 Metaspace       used 89191K, committed 90432K, reserved 1130496K
  class space    used 8586K, committed 9152K, reserved 1048576K
}
Event: 6930.881 GC heap before
{Heap before GC invocations=13319 (full 229):
 PSYoungGen      total 6144K, used 5962K [0x00000000eab00000, 0x00000000eb280000, 0x0000000100000000)
  eden space 5120K, 100% used [0x00000000eab00000,0x00000000eb000000,0x00000000eb000000)
  from space 1024K, 82% used [0x00000000eb080000,0x00000000eb152910,0x00000000eb180000)
  to   space 1024K, 0% used [0x00000000eb180000,0x00000000eb180000,0x00000000eb280000)
 ParOldGen       total 229888K, used 187385K [0x00000000c0000000, 0x00000000ce080000, 0x00000000eab00000)
  object space 229888K, 81% used [0x00000000c0000000,0x00000000cb6fe588,0x00000000ce080000)
 Metaspace       used 89191K, committed 90432K, reserved 1130496K
  class space    used 8586K, committed 9152K, reserved 1048576K
}
Event: 6930.885 GC heap after
{Heap after GC invocations=13319 (full 229):
 PSYoungGen      total 5632K, used 426K [0x00000000eab00000, 0x00000000eb200000, 0x0000000100000000)
  eden space 5120K, 0% used [0x00000000eab00000,0x00000000eab00000,0x00000000eb000000)
  from space 512K, 83% used [0x00000000eb180000,0x00000000eb1ea910,0x00000000eb200000)
  to   space 1024K, 0% used [0x00000000eb000000,0x00000000eb000000,0x00000000eb100000)
 ParOldGen       total 229888K, used 188165K [0x00000000c0000000, 0x00000000ce080000, 0x00000000eab00000)
  object space 229888K, 81% used [0x00000000c0000000,0x00000000cb7c17a8,0x00000000ce080000)
 Metaspace       used 89191K, committed 90432K, reserved 1130496K
  class space    used 8586K, committed 9152K, reserved 1048576K
}
Event: 6930.903 GC heap before
{Heap before GC invocations=13320 (full 229):
 PSYoungGen      total 5632K, used 5546K [0x00000000eab00000, 0x00000000eb200000, 0x0000000100000000)
  eden space 5120K, 100% used [0x00000000eab00000,0x00000000eb000000,0x00000000eb000000)
  from space 512K, 83% used [0x00000000eb180000,0x00000000eb1ea910,0x00000000eb200000)
  to   space 1024K, 0% used [0x00000000eb000000,0x00000000eb000000,0x00000000eb100000)
 ParOldGen       total 229888K, used 188165K [0x00000000c0000000, 0x00000000ce080000, 0x00000000eab00000)
  object space 229888K, 81% used [0x00000000c0000000,0x00000000cb7c17a8,0x00000000ce080000)
 Metaspace       used 89191K, committed 90432K, reserved 1130496K
  class space    used 8586K, committed 9152K, reserved 1048576K
}
Event: 6930.906 GC heap after
{Heap after GC invocations=13320 (full 229):
 PSYoungGen      total 6144K, used 506K [0x00000000eab00000, 0x00000000eb200000, 0x0000000100000000)
  eden space 5120K, 0% used [0x00000000eab00000,0x00000000eab00000,0x00000000eb000000)
  from space 1024K, 49% used [0x00000000eb000000,0x00000000eb07e900,0x00000000eb100000)
  to   space 1024K, 0% used [0x00000000eb100000,0x00000000eb100000,0x00000000eb200000)
 ParOldGen       total 229888K, used 188514K [0x00000000c0000000, 0x00000000ce080000, 0x00000000eab00000)
  object space 229888K, 82% used [0x00000000c0000000,0x00000000cb8189c8,0x00000000ce080000)
 Metaspace       used 89191K, committed 90432K, reserved 1130496K
  class space    used 8586K, committed 9152K, reserved 1048576K
}
Event: 6930.983 GC heap before
{Heap before GC invocations=13321 (full 229):
 PSYoungGen      total 6144K, used 5626K [0x00000000eab00000, 0x00000000eb200000, 0x0000000100000000)
  eden space 5120K, 100% used [0x00000000eab00000,0x00000000eb000000,0x00000000eb000000)
  from space 1024K, 49% used [0x00000000eb000000,0x00000000eb07e900,0x00000000eb100000)
  to   space 1024K, 0% used [0x00000000eb100000,0x00000000eb100000,0x00000000eb200000)
 ParOldGen       total 229888K, used 188514K [0x00000000c0000000, 0x00000000ce080000, 0x00000000eab00000)
  object space 229888K, 82% used [0x00000000c0000000,0x00000000cb8189c8,0x00000000ce080000)
 Metaspace       used 89191K, committed 90432K, reserved 1130496K
  class space    used 8586K, committed 9152K, reserved 1048576K
}
Event: 6930.986 GC heap after
{Heap after GC invocations=13321 (full 229):
 PSYoungGen      total 5120K, used 1001K [0x00000000eab00000, 0x00000000eb400000, 0x0000000100000000)
  eden space 4096K, 0% used [0x00000000eab00000,0x00000000eab00000,0x00000000eaf00000)
  from space 1024K, 97% used [0x00000000eb100000,0x00000000eb1fa420,0x00000000eb200000)
  to   space 2048K, 0% used [0x00000000eaf00000,0x00000000eaf00000,0x00000000eb100000)
 ParOldGen       total 229888K, used 188947K [0x00000000c0000000, 0x00000000ce080000, 0x00000000eab00000)
  object space 229888K, 82% used [0x00000000c0000000,0x00000000cb884c40,0x00000000ce080000)
 Metaspace       used 89191K, committed 90432K, reserved 1130496K
  class space    used 8586K, committed 9152K, reserved 1048576K
}
Event: 6931.015 GC heap before
{Heap before GC invocations=13322 (full 229):
 PSYoungGen      total 5120K, used 5097K [0x00000000eab00000, 0x00000000eb400000, 0x0000000100000000)
  eden space 4096K, 100% used [0x00000000eab00000,0x00000000eaf00000,0x00000000eaf00000)
  from space 1024K, 97% used [0x00000000eb100000,0x00000000eb1fa420,0x00000000eb200000)
  to   space 2048K, 0% used [0x00000000eaf00000,0x00000000eaf00000,0x00000000eb100000)
 ParOldGen       total 229888K, used 188947K [0x00000000c0000000, 0x00000000ce080000, 0x00000000eab00000)
  object space 229888K, 82% used [0x00000000c0000000,0x00000000cb884c40,0x00000000ce080000)
 Metaspace       used 89191K, committed 90432K, reserved 1130496K
  class space    used 8586K, committed 9152K, reserved 1048576K
}
Event: 6931.046 GC heap after
{Heap after GC invocations=13322 (full 229):
 PSYoungGen      total 5120K, used 1018K [0x00000000eab00000, 0x00000000eb200000, 0x0000000100000000)
  eden space 4096K, 0% used [0x00000000eab00000,0x00000000eab00000,0x00000000eaf00000)
  from space 1024K, 99% used [0x00000000eaf00000,0x00000000eaffe900,0x00000000eb000000)
  to   space 1536K, 0% used [0x00000000eb080000,0x00000000eb080000,0x00000000eb200000)
 ParOldGen       total 229888K, used 189876K [0x00000000c0000000, 0x00000000ce080000, 0x00000000eab00000)
  object space 229888K, 82% used [0x00000000c0000000,0x00000000cb96d080,0x00000000ce080000)
 Metaspace       used 89191K, committed 90432K, reserved 1130496K
  class space    used 8586K, committed 9152K, reserved 1048576K
}
Event: 6931.061 GC heap before
{Heap before GC invocations=13323 (full 229):
 PSYoungGen      total 5120K, used 5114K [0x00000000eab00000, 0x00000000eb200000, 0x0000000100000000)
  eden space 4096K, 100% used [0x00000000eab00000,0x00000000eaf00000,0x00000000eaf00000)
  from space 1024K, 99% used [0x00000000eaf00000,0x00000000eaffe900,0x00000000eb000000)
  to   space 1536K, 0% used [0x00000000eb080000,0x00000000eb080000,0x00000000eb200000)
 ParOldGen       total 229888K, used 189876K [0x00000000c0000000, 0x00000000ce080000, 0x00000000eab00000)
  object space 229888K, 82% used [0x00000000c0000000,0x00000000cb96d080,0x00000000ce080000)
 Metaspace       used 89191K, committed 90432K, reserved 1130496K
  class space    used 8586K, committed 9152K, reserved 1048576K
}
Event: 6931.065 GC heap after
{Heap after GC invocations=13323 (full 229):
 PSYoungGen      total 5120K, used 820K [0x00000000eab00000, 0x00000000eb180000, 0x0000000100000000)
  eden space 4096K, 0% used [0x00000000eab00000,0x00000000eab00000,0x00000000eaf00000)
  from space 1024K, 80% used [0x00000000eb080000,0x00000000eb14d200,0x00000000eb180000)
  to   space 1024K, 0% used [0x00000000eaf00000,0x00000000eaf00000,0x00000000eb000000)
 ParOldGen       total 229888K, used 190821K [0x00000000c0000000, 0x00000000ce080000, 0x00000000eab00000)
  object space 229888K, 83% used [0x00000000c0000000,0x00000000cba595f0,0x00000000ce080000)
 Metaspace       used 89191K, committed 90432K, reserved 1130496K
  class space    used 8586K, committed 9152K, reserved 1048576K
}
Event: 6931.085 GC heap before
{Heap before GC invocations=13324 (full 229):
 PSYoungGen      total 5120K, used 4916K [0x00000000eab00000, 0x00000000eb180000, 0x0000000100000000)
  eden space 4096K, 100% used [0x00000000eab00000,0x00000000eaf00000,0x00000000eaf00000)
  from space 1024K, 80% used [0x00000000eb080000,0x00000000eb14d200,0x00000000eb180000)
  to   space 1024K, 0% used [0x00000000eaf00000,0x00000000eaf00000,0x00000000eb000000)
 ParOldGen       total 229888K, used 190821K [0x00000000c0000000, 0x00000000ce080000, 0x00000000eab00000)
  object space 229888K, 83% used [0x00000000c0000000,0x00000000cba595f0,0x00000000ce080000)
 Metaspace       used 89191K, committed 90432K, reserved 1130496K
  class space    used 8586K, committed 9152K, reserved 1048576K
}
Event: 6931.088 GC heap after
{Heap after GC invocations=13324 (full 229):
 PSYoungGen      total 5120K, used 820K [0x00000000eab00000, 0x00000000eb100000, 0x0000000100000000)
  eden space 4096K, 0% used [0x00000000eab00000,0x00000000eab00000,0x00000000eaf00000)
  from space 1024K, 80% used [0x00000000eaf00000,0x00000000eafcd200,0x00000000eb000000)
  to   space 1024K, 0% used [0x00000000eb000000,0x00000000eb000000,0x00000000eb100000)
 ParOldGen       total 229888K, used 191578K [0x00000000c0000000, 0x00000000ce080000, 0x00000000eab00000)
  object space 229888K, 83% used [0x00000000c0000000,0x00000000cbb16810,0x00000000ce080000)
 Metaspace       used 89191K, committed 90432K, reserved 1130496K
  class space    used 8586K, committed 9152K, reserved 1048576K
}
Event: 6931.105 GC heap before
{Heap before GC invocations=13325 (full 229):
 PSYoungGen      total 5120K, used 4916K [0x00000000eab00000, 0x00000000eb100000, 0x0000000100000000)
  eden space 4096K, 100% used [0x00000000eab00000,0x00000000eaf00000,0x00000000eaf00000)
  from space 1024K, 80% used [0x00000000eaf00000,0x00000000eafcd200,0x00000000eb000000)
  to   space 1024K, 0% used [0x00000000eb000000,0x00000000eb000000,0x00000000eb100000)
 ParOldGen       total 229888K, used 191578K [0x00000000c0000000, 0x00000000ce080000, 0x00000000eab00000)
  object space 229888K, 83% used [0x00000000c0000000,0x00000000cbb16810,0x00000000ce080000)
 Metaspace       used 89191K, committed 90432K, reserved 1130496K
  class space    used 8586K, committed 9152K, reserved 1048576K
}
Event: 6931.108 GC heap after
{Heap after GC invocations=13325 (full 229):
 PSYoungGen      total 4608K, used 314K [0x00000000eab00000, 0x00000000eb080000, 0x0000000100000000)
  eden space 4096K, 0% used [0x00000000eab00000,0x00000000eab00000,0x00000000eaf00000)
  from space 512K, 61% used [0x00000000eb000000,0x00000000eb04e900,0x00000000eb080000)
  to   space 512K, 0% used [0x00000000eaf80000,0x00000000eaf80000,0x00000000eb000000)
 ParOldGen       total 229888K, used 192358K [0x00000000c0000000, 0x00000000ce080000, 0x00000000eab00000)
  object space 229888K, 83% used [0x00000000c0000000,0x00000000cbbd9a30,0x00000000ce080000)
 Metaspace       used 89191K, committed 90432K, reserved 1130496K
  class space    used 8586K, committed 9152K, reserved 1048576K
}
Event: 6931.127 GC heap before
{Heap before GC invocations=13326 (full 229):
 PSYoungGen      total 4608K, used 4410K [0x00000000eab00000, 0x00000000eb080000, 0x0000000100000000)
  eden space 4096K, 100% used [0x00000000eab00000,0x00000000eaf00000,0x00000000eaf00000)
  from space 512K, 61% used [0x00000000eb000000,0x00000000eb04e900,0x00000000eb080000)
  to   space 512K, 0% used [0x00000000eaf80000,0x00000000eaf80000,0x00000000eb000000)
 ParOldGen       total 229888K, used 192358K [0x00000000c0000000, 0x00000000ce080000, 0x00000000eab00000)
  object space 229888K, 83% used [0x00000000c0000000,0x00000000cbbd9a30,0x00000000ce080000)
 Metaspace       used 89191K, committed 90432K, reserved 1130496K
  class space    used 8586K, committed 9152K, reserved 1048576K
}
Event: 6931.129 GC heap after
{Heap after GC invocations=13326 (full 229):
 PSYoungGen      total 4608K, used 490K [0x00000000eab00000, 0x00000000eb100000, 0x0000000100000000)
  eden space 4096K, 0% used [0x00000000eab00000,0x00000000eab00000,0x00000000eaf00000)
  from space 512K, 95% used [0x00000000eaf80000,0x00000000eaffa910,0x00000000eb000000)
  to   space 1024K, 0% used [0x00000000eb000000,0x00000000eb000000,0x00000000eb100000)
 ParOldGen       total 229888K, used 192619K [0x00000000c0000000, 0x00000000ce080000, 0x00000000eab00000)
  object space 229888K, 83% used [0x00000000c0000000,0x00000000cbc1ad80,0x00000000ce080000)
 Metaspace       used 89191K, committed 90432K, reserved 1130496K
  class space    used 8586K, committed 9152K, reserved 1048576K
}
Event: 6931.142 GC heap before
{Heap before GC invocations=13327 (full 229):
 PSYoungGen      total 4608K, used 4586K [0x00000000eab00000, 0x00000000eb100000, 0x0000000100000000)
  eden space 4096K, 100% used [0x00000000eab00000,0x00000000eaf00000,0x00000000eaf00000)
  from space 512K, 95% used [0x00000000eaf80000,0x00000000eaffa910,0x00000000eb000000)
  to   space 1024K, 0% used [0x00000000eb000000,0x00000000eb000000,0x00000000eb100000)
 ParOldGen       total 229888K, used 192619K [0x00000000c0000000, 0x00000000ce080000, 0x00000000eab00000)
  object space 229888K, 83% used [0x00000000c0000000,0x00000000cbc1ad80,0x00000000ce080000)
 Metaspace       used 89191K, committed 90432K, reserved 1130496K
  class space    used 8586K, committed 9152K, reserved 1048576K
}

Deoptimization events (20 events):
Event: 6880.667 Thread 0x000002284048d250 DEOPT PACKING pc=0x0000022836261140 sp=0x00000098d52feda0
Event: 6880.667 Thread 0x000002284048a230 DEOPT PACKING pc=0x0000022836261140 sp=0x00000098d6cfebb0
Event: 6880.668 Thread 0x000002284048a230 DEOPT UNPACKING pc=0x000002282d7b20a3 sp=0x00000098d6cfeb50 mode 2
Event: 6880.703 Thread 0x000002284048a230 Uncommon trap: trap_request=0xffffffde fr.pc=0x0000022836261140 relative=0x0000000000000100
Event: 6880.703 Thread 0x000002284048a230 Uncommon trap: reason=class_check action=maybe_recompile pc=0x0000022836261140 method=org.eclipse.jdt.core.dom.NormalAnnotation.accept0(Lorg/eclipse/jdt/core/dom/ASTVisitor;)V @ 2 c2
Event: 6880.703 Thread 0x000002284048a230 DEOPT PACKING pc=0x0000022836261140 sp=0x00000098d6cfede0
Event: 6880.707 Thread 0x000002284048d250 DEOPT UNPACKING pc=0x000002282d7b20a3 sp=0x00000098d52fed40 mode 2
Event: 6880.713 Thread 0x000002284048a230 DEOPT UNPACKING pc=0x000002282d7b20a3 sp=0x00000098d6cfed80 mode 2
Event: 6880.717 Thread 0x000002284048d250 Uncommon trap: trap_request=0xffffffde fr.pc=0x0000022836261140 relative=0x0000000000000100
Event: 6880.717 Thread 0x000002284048d250 Uncommon trap: reason=class_check action=maybe_recompile pc=0x0000022836261140 method=org.eclipse.jdt.core.dom.NormalAnnotation.accept0(Lorg/eclipse/jdt/core/dom/ASTVisitor;)V @ 2 c2
Event: 6880.717 Thread 0x000002284048d250 DEOPT PACKING pc=0x0000022836261140 sp=0x00000098d52feca0
Event: 6880.717 Thread 0x000002284048d250 DEOPT UNPACKING pc=0x000002282d7b20a3 sp=0x00000098d52fec40 mode 2
Event: 6881.357 Thread 0x000002284048a230 Uncommon trap: trap_request=0xffffff45 fr.pc=0x0000022835fc6ec4 relative=0x0000000000002b64
Event: 6881.357 Thread 0x000002284048a230 Uncommon trap: reason=unstable_if action=reinterpret pc=0x0000022835fc6ec4 method=org.eclipse.jdt.core.Signature.getSimpleName(Ljava/lang/String;)Ljava/lang/String; @ 30 c2
Event: 6881.357 Thread 0x000002284048a230 DEOPT PACKING pc=0x0000022835fc6ec4 sp=0x00000098d6cfe9e0
Event: 6881.366 Thread 0x000002284048a230 DEOPT UNPACKING pc=0x000002282d7b20a3 sp=0x00000098d6cfe940 mode 2
Event: 6883.611 Thread 0x000002284048d250 Uncommon trap: trap_request=0xfffffff4 fr.pc=0x0000022835c64338 relative=0x0000000000000118
Event: 6883.611 Thread 0x000002284048d250 Uncommon trap: reason=null_check action=make_not_entrant pc=0x0000022835c64338 method=org.eclipse.jdt.ls.core.internal.text.correction.CodeActionUtility.inferASTNode(Lorg/eclipse/jdt/core/dom/ASTNode;Ljava/lang/Class;)Lorg/eclipse/jdt/core/dom/ASTNode; @ 
Event: 6883.611 Thread 0x000002284048d250 DEOPT PACKING pc=0x0000022835c64338 sp=0x00000098d52fec80
Event: 6883.627 Thread 0x000002284048d250 DEOPT UNPACKING pc=0x000002282d7b20a3 sp=0x00000098d52fec08 mode 2

Classes unloaded (20 events):
Event: 995.412 Thread 0x000002283e8c6460 Unloading class 0x00000001001d3000 'jdk/internal/reflect/GeneratedConstructorAccessor4'
Event: 995.412 Thread 0x000002283e8c6460 Unloading class 0x00000001001a2800 'java/lang/invoke/LambdaForm$MH+0x00000001001a2800'
Event: 995.412 Thread 0x000002283e8c6460 Unloading class 0x00000001001a2000 'java/lang/invoke/LambdaForm$MH+0x00000001001a2000'
Event: 995.412 Thread 0x000002283e8c6460 Unloading class 0x00000001001a1c00 'java/lang/invoke/LambdaForm$MH+0x00000001001a1c00'
Event: 995.412 Thread 0x000002283e8c6460 Unloading class 0x00000001001a1800 'java/lang/invoke/LambdaForm$MH+0x00000001001a1800'
Event: 995.412 Thread 0x000002283e8c6460 Unloading class 0x00000001001a1000 'java/lang/invoke/LambdaForm$MH+0x00000001001a1000'
Event: 995.412 Thread 0x000002283e8c6460 Unloading class 0x00000001001a0c00 'java/lang/invoke/LambdaForm$MH+0x00000001001a0c00'
Event: 995.412 Thread 0x000002283e8c6460 Unloading class 0x00000001001a0800 'java/lang/invoke/LambdaForm$MH+0x00000001001a0800'
Event: 995.412 Thread 0x000002283e8c6460 Unloading class 0x00000001001a0000 'java/lang/invoke/LambdaForm$MH+0x00000001001a0000'
Event: 995.412 Thread 0x000002283e8c6460 Unloading class 0x0000000100129000 'jdk/internal/reflect/GeneratedMethodAccessor5'
Event: 995.412 Thread 0x000002283e8c6460 Unloading class 0x0000000100128c00 'jdk/internal/reflect/GeneratedMethodAccessor4'
Event: 995.412 Thread 0x000002283e8c6460 Unloading class 0x0000000100128800 'jdk/internal/reflect/GeneratedMethodAccessor3'
Event: 995.412 Thread 0x000002283e8c6460 Unloading class 0x0000000100128400 'jdk/internal/reflect/GeneratedMethodAccessor2'
Event: 995.412 Thread 0x000002283e8c6460 Unloading class 0x0000000100128000 'jdk/internal/reflect/GeneratedMethodAccessor1'
Event: 2294.716 Thread 0x000002283e8c6460 Unloading class 0x0000000100810400 'jdk/internal/reflect/GeneratedConstructorAccessor41'
Event: 2323.629 Thread 0x000002283e8c6460 Unloading class 0x0000000100833c00 'jdk/internal/reflect/GeneratedConstructorAccessor59'
Event: 2661.107 Thread 0x000002283e8c6460 Unloading class 0x0000000100289000 'jdk/internal/reflect/GeneratedConstructorAccessor70'
Event: 2661.107 Thread 0x000002283e8c6460 Unloading class 0x000000010028c400 'jdk/internal/reflect/GeneratedConstructorAccessor69'
Event: 2661.107 Thread 0x000002283e8c6460 Unloading class 0x000000010028cc00 'jdk/internal/reflect/GeneratedConstructorAccessor68'
Event: 2661.107 Thread 0x000002283e8c6460 Unloading class 0x000000010028d400 'jdk/internal/reflect/GeneratedConstructorAccessor67'

Classes redefined (0 events):
No events

Internal exceptions (20 events):
Event: 3602.744 Thread 0x0000022844bb0a20 Exception <a 'java/lang/NullPointerException'{0x00000000eab52468}> (0x00000000eab52468) 
thrown [s\src\hotspot\share\runtime\sharedRuntime.cpp, line 628]
Event: 3602.744 Thread 0x0000022844bb0a20 Implicit null exception at 0x000002282f01573f to 0x000002282f01a5ca
Event: 3602.744 Thread 0x0000022844bb0a20 Exception <a 'java/lang/NullPointerException'{0x00000000eab52dc8}> (0x00000000eab52dc8) 
thrown [s\src\hotspot\share\runtime\sharedRuntime.cpp, line 628]
Event: 3602.744 Thread 0x0000022844bb0a20 Implicit null exception at 0x000002282f01573f to 0x000002282f01a5ca
Event: 3602.744 Thread 0x0000022844bb0a20 Exception <a 'java/lang/NullPointerException'{0x00000000eab53348}> (0x00000000eab53348) 
thrown [s\src\hotspot\share\runtime\sharedRuntime.cpp, line 628]
Event: 3602.744 Thread 0x0000022844bb0a20 Implicit null exception at 0x000002282f01573f to 0x000002282f01a5ca
Event: 3602.744 Thread 0x0000022844bb0a20 Exception <a 'java/lang/NullPointerException'{0x00000000eab538c8}> (0x00000000eab538c8) 
thrown [s\src\hotspot\share\runtime\sharedRuntime.cpp, line 628]
Event: 3602.768 Thread 0x0000022844bb0a20 Implicit null exception at 0x000002282f01573f to 0x000002282f01a5ca
Event: 3602.768 Thread 0x0000022844bb0a20 Exception <a 'java/lang/NullPointerException'{0x00000000eabee530}> (0x00000000eabee530) 
thrown [s\src\hotspot\share\runtime\sharedRuntime.cpp, line 628]
Event: 3602.768 Thread 0x0000022844bb0a20 Implicit null exception at 0x000002282f01573f to 0x000002282f01a5ca
Event: 3602.768 Thread 0x0000022844bb0a20 Exception <a 'java/lang/NullPointerException'{0x00000000eabeeab0}> (0x00000000eabeeab0) 
thrown [s\src\hotspot\share\runtime\sharedRuntime.cpp, line 628]
Event: 3602.768 Thread 0x0000022844bb0a20 Implicit null exception at 0x000002282f01573f to 0x000002282f01a5ca
Event: 3602.768 Thread 0x0000022844bb0a20 Exception <a 'java/lang/NullPointerException'{0x00000000eabef2a8}> (0x00000000eabef2a8) 
thrown [s\src\hotspot\share\runtime\sharedRuntime.cpp, line 628]
Event: 3602.768 Thread 0x0000022844bb0a20 Implicit null exception at 0x000002282f01573f to 0x000002282f01a5ca
Event: 3602.768 Thread 0x0000022844bb0a20 Exception <a 'java/lang/NullPointerException'{0x00000000eabefc08}> (0x00000000eabefc08) 
thrown [s\src\hotspot\share\runtime\sharedRuntime.cpp, line 628]
Event: 3602.768 Thread 0x0000022844bb0a20 Implicit null exception at 0x000002282f01573f to 0x000002282f01a5ca
Event: 3602.768 Thread 0x0000022844bb0a20 Exception <a 'java/lang/NullPointerException'{0x00000000eabf0188}> (0x00000000eabf0188) 
thrown [s\src\hotspot\share\runtime\sharedRuntime.cpp, line 628]
Event: 3602.768 Thread 0x0000022844bb0a20 Implicit null exception at 0x000002282f01573f to 0x000002282f01a5ca
Event: 3602.768 Thread 0x0000022844bb0a20 Exception <a 'java/lang/NullPointerException'{0x00000000eabf0708}> (0x00000000eabf0708) 
thrown [s\src\hotspot\share\runtime\sharedRuntime.cpp, line 628]
Event: 3603.143 Thread 0x000002284048b0a0 Exception <a 'sun/nio/fs/WindowsException'{0x00000000eac25ee0}> (0x00000000eac25ee0) 
thrown [s\src\hotspot\share\prims\jni.cpp, line 516]

VM Operations (20 events):
Event: 6930.754 Executing VM operation: ParallelGCFailedAllocation done
Event: 6930.769 Executing VM operation: ParallelGCFailedAllocation
Event: 6930.835 Executing VM operation: ParallelGCFailedAllocation done
Event: 6930.875 Executing VM operation: ParallelGCFailedAllocation
Event: 6930.885 Executing VM operation: ParallelGCFailedAllocation done
Event: 6930.902 Executing VM operation: ParallelGCFailedAllocation
Event: 6930.906 Executing VM operation: ParallelGCFailedAllocation done
Event: 6930.960 Executing VM operation: ParallelGCFailedAllocation
Event: 6930.986 Executing VM operation: ParallelGCFailedAllocation done
Event: 6931.005 Executing VM operation: ParallelGCFailedAllocation
Event: 6931.046 Executing VM operation: ParallelGCFailedAllocation done
Event: 6931.061 Executing VM operation: ParallelGCFailedAllocation
Event: 6931.065 Executing VM operation: ParallelGCFailedAllocation done
Event: 6931.085 Executing VM operation: ParallelGCFailedAllocation
Event: 6931.088 Executing VM operation: ParallelGCFailedAllocation done
Event: 6931.105 Executing VM operation: ParallelGCFailedAllocation
Event: 6931.108 Executing VM operation: ParallelGCFailedAllocation done
Event: 6931.127 Executing VM operation: ParallelGCFailedAllocation
Event: 6931.129 Executing VM operation: ParallelGCFailedAllocation done
Event: 6931.142 Executing VM operation: ParallelGCFailedAllocation

Events (20 events):
Event: 3676.126 Thread 0x000002284048d720 Thread added: 0x000002284048d720
Event: 3676.128 Thread 0x000002284048c8b0 Thread exited: 0x000002284048c8b0
Event: 3676.128 Thread 0x000002284048d250 Thread exited: 0x000002284048d250
Event: 3676.129 Thread 0x000002284048d720 Thread exited: 0x000002284048d720
Event: 3676.257 Thread 0x000002284048c8b0 Thread added: 0x000002284048c8b0
Event: 3725.825 Thread 0x000002284470ff90 Thread exited: 0x000002284470ff90
Event: 3736.269 Thread 0x0000022844bb0080 Thread exited: 0x0000022844bb0080
Event: 3785.834 Thread 0x000002284470e780 Thread exited: 0x000002284470e780
Event: 3845.845 Thread 0x00000228447142f0 Thread exited: 0x00000228447142f0
Event: 3905.857 Thread 0x0000022844712140 Thread exited: 0x0000022844712140
Event: 3965.858 Thread 0x0000022844711c70 Thread exited: 0x0000022844711c70
Event: 4025.859 Thread 0x000002284470e2b0 Thread exited: 0x000002284470e2b0
Event: 6828.369 Thread 0x000002284048d720 Thread added: 0x000002284048d720
Event: 6873.430 Thread 0x000002284048d250 Thread added: 0x000002284048d250
Event: 6873.447 Thread 0x000002284048a230 Thread added: 0x000002284048a230
Event: 6873.712 Thread 0x000002284048a700 Thread added: 0x000002284048a700
Event: 6874.014 Thread 0x00000228447142f0 Thread added: 0x00000228447142f0
Event: 6877.318 Thread 0x0000022844715630 Thread added: 0x0000022844715630
Event: 6880.289 Thread 0x000002284470e780 Thread added: 0x000002284470e780
Event: 6917.977 Thread 0x0000022844712140 Thread added: 0x0000022844712140


Dynamic libraries:
0x00007ff7d7ed0000 - 0x00007ff7d7ede000 	c:\Users\lg24v\.vscode\extensions\redhat.java-1.11.0-win32-x64\jre\17.0.4.1-win32-x86_64\bin\java.exe
0x00007ff9922b0000 - 0x00007ff9924a8000 	C:\WINDOWS\SYSTEM32\ntdll.dll
0x00007ff991370000 - 0x00007ff99142d000 	C:\WINDOWS\System32\KERNEL32.DLL
0x00007ff98fca0000 - 0x00007ff98ff6e000 	C:\WINDOWS\System32\KERNELBASE.dll
0x00007ff98ff70000 - 0x00007ff990070000 	C:\WINDOWS\System32\ucrtbase.dll
0x00007ff98cfd0000 - 0x00007ff98cfe8000 	c:\Users\lg24v\.vscode\extensions\redhat.java-1.11.0-win32-x64\jre\17.0.4.1-win32-x86_64\bin\jli.dll
0x00007ff985620000 - 0x00007ff985639000 	c:\Users\lg24v\.vscode\extensions\redhat.java-1.11.0-win32-x64\jre\17.0.4.1-win32-x86_64\bin\VCRUNTIME140.dll
0x00007ff992000000 - 0x00007ff9921a0000 	C:\WINDOWS\System32\USER32.dll
0x00007ff990070000 - 0x00007ff990092000 	C:\WINDOWS\System32\win32u.dll
0x00007ff98ece0000 - 0x00007ff98ef7a000 	C:\WINDOWS\WinSxS\amd64_microsoft.windows.common-controls_6595b64144ccf1df_6.0.19041.1110_none_60b5254171f9507e\COMCTL32.dll
0x00007ff991fd0000 - 0x00007ff991ffa000 	C:\WINDOWS\System32\GDI32.dll
0x00007ff990f20000 - 0x00007ff990fbe000 	C:\WINDOWS\System32\msvcrt.dll
0x00007ff9900d0000 - 0x00007ff9901db000 	C:\WINDOWS\System32\gdi32full.dll
0x00007ff9901e0000 - 0x00007ff99027d000 	C:\WINDOWS\System32\msvcp_win.dll
0x00007ff991330000 - 0x00007ff991360000 	C:\WINDOWS\System32\IMM32.DLL
0x00007ff98d310000 - 0x00007ff98d31c000 	c:\Users\lg24v\.vscode\extensions\redhat.java-1.11.0-win32-x64\jre\17.0.4.1-win32-x86_64\bin\vcruntime140_1.dll
0x00007ff9656c0000 - 0x00007ff965751000 	c:\Users\lg24v\.vscode\extensions\redhat.java-1.11.0-win32-x64\jre\17.0.4.1-win32-x86_64\bin\msvcp140.dll
0x00007ff93edd0000 - 0x00007ff93fa16000 	c:\Users\lg24v\.vscode\extensions\redhat.java-1.11.0-win32-x64\jre\17.0.4.1-win32-x86_64\bin\server\jvm.dll
0x00007ff990720000 - 0x00007ff9907ce000 	C:\WINDOWS\System32\ADVAPI32.dll
0x00007ff991290000 - 0x00007ff99132c000 	C:\WINDOWS\System32\sechost.dll
0x00007ff990fc0000 - 0x00007ff9910e5000 	C:\WINDOWS\System32\RPCRT4.dll
0x00007ff991160000 - 0x00007ff991168000 	C:\WINDOWS\System32\PSAPI.DLL
0x00007ff98d260000 - 0x00007ff98d269000 	C:\WINDOWS\SYSTEM32\WSOCK32.dll
0x00007ff980460000 - 0x00007ff980487000 	C:\WINDOWS\SYSTEM32\WINMM.dll
0x00007ff991f60000 - 0x00007ff991fcb000 	C:\WINDOWS\System32\WS2_32.dll
0x00007ff97a5d0000 - 0x00007ff97a5da000 	C:\WINDOWS\SYSTEM32\VERSION.dll
0x00007ff98cde0000 - 0x00007ff98cdf2000 	C:\WINDOWS\SYSTEM32\kernel.appcore.dll
0x00007ff97f1c0000 - 0x00007ff97f1ca000 	c:\Users\lg24v\.vscode\extensions\redhat.java-1.11.0-win32-x64\jre\17.0.4.1-win32-x86_64\bin\jimage.dll
0x00007ff98f380000 - 0x00007ff98f564000 	C:\WINDOWS\SYSTEM32\DBGHELP.DLL
0x00007ff98f020000 - 0x00007ff98f04c000 	C:\WINDOWS\SYSTEM32\dbgcore.DLL
0x00007ff990280000 - 0x00007ff990302000 	C:\WINDOWS\System32\bcryptPrimitives.dll
0x00007ff97d2a0000 - 0x00007ff97d2ae000 	c:\Users\lg24v\.vscode\extensions\redhat.java-1.11.0-win32-x64\jre\17.0.4.1-win32-x86_64\bin\instrument.dll
0x00007ff97c0f0000 - 0x00007ff97c115000 	c:\Users\lg24v\.vscode\extensions\redhat.java-1.11.0-win32-x64\jre\17.0.4.1-win32-x86_64\bin\java.dll
0x00007ff97d280000 - 0x00007ff97d298000 	c:\Users\lg24v\.vscode\extensions\redhat.java-1.11.0-win32-x64\jre\17.0.4.1-win32-x86_64\bin\zip.dll
0x00007ff9907d0000 - 0x00007ff990f13000 	C:\WINDOWS\System32\SHELL32.dll
0x00007ff98d490000 - 0x00007ff98dc25000 	C:\WINDOWS\SYSTEM32\windows.storage.dll
0x00007ff990310000 - 0x00007ff990664000 	C:\WINDOWS\System32\combase.dll
0x00007ff98ef80000 - 0x00007ff98efb0000 	C:\WINDOWS\SYSTEM32\Wldp.dll
0x00007ff9918b0000 - 0x00007ff99195d000 	C:\WINDOWS\System32\SHCORE.dll
0x00007ff991960000 - 0x00007ff9919b5000 	C:\WINDOWS\System32\shlwapi.dll
0x00007ff98f910000 - 0x00007ff98f92f000 	C:\WINDOWS\SYSTEM32\profapi.dll
0x00007ff97bb90000 - 0x00007ff97bba9000 	C:\Users\lg24v\.vscode\extensions\redhat.java-1.11.0-win32-x64\jre\17.0.4.1-win32-x86_64\bin\net.dll
0x00007ff9820a0000 - 0x00007ff9821aa000 	C:\WINDOWS\SYSTEM32\WINHTTP.dll
0x00007ff98ea60000 - 0x00007ff98eaca000 	C:\WINDOWS\system32\mswsock.dll
0x00007ff979cf0000 - 0x00007ff979d05000 	C:\Users\lg24v\.vscode\extensions\redhat.java-1.11.0-win32-x64\jre\17.0.4.1-win32-x86_64\bin\nio.dll
0x00007ff97ca90000 - 0x00007ff97caa0000 	c:\Users\lg24v\.vscode\extensions\redhat.java-1.11.0-win32-x64\jre\17.0.4.1-win32-x86_64\bin\verify.dll
0x00007ff964b50000 - 0x00007ff964b8e000 	C:\Users\lg24v\AppData\Roaming\Code\User\globalStorage\redhat.java\1.11.0\config_win\org.eclipse.equinox.launcher\org.eclipse.equinox.launcher.win32.win32.x86_64_1.2.600.v20220720-1916\eclipse_11700.dll
0x00007ff9919c0000 - 0x00007ff991aea000 	C:\WINDOWS\System32\ole32.dll
0x00007ff98f690000 - 0x00007ff98f6a8000 	C:\WINDOWS\SYSTEM32\CRYPTSP.dll
0x00007ff98e3c0000 - 0x00007ff98e3f4000 	C:\WINDOWS\system32\rsaenh.dll
0x00007ff9900a0000 - 0x00007ff9900c7000 	C:\WINDOWS\System32\bcrypt.dll
0x00007ff98f8d0000 - 0x00007ff98f8fe000 	C:\WINDOWS\SYSTEM32\USERENV.dll
0x00007ff98ec50000 - 0x00007ff98ec5c000 	C:\WINDOWS\SYSTEM32\CRYPTBASE.dll
0x00007ff98e620000 - 0x00007ff98e65b000 	C:\WINDOWS\SYSTEM32\IPHLPAPI.DLL
0x00007ff991150000 - 0x00007ff991158000 	C:\WINDOWS\System32\NSI.dll
0x00007ff9837e0000 - 0x00007ff9837f7000 	C:\WINDOWS\SYSTEM32\dhcpcsvc6.DLL
0x00007ff9837c0000 - 0x00007ff9837dd000 	C:\WINDOWS\SYSTEM32\dhcpcsvc.DLL
0x00007ff98e6f0000 - 0x00007ff98e7ba000 	C:\WINDOWS\SYSTEM32\DNSAPI.dll
0x00007ff93ffb0000 - 0x00007ff93fff4000 	C:\Users\lg24v\AppData\Local\Temp\jna-2614219\jna8487720191901218381.dll
0x00007ff97bc20000 - 0x00007ff97bc2e000 	C:\Users\lg24v\.vscode\extensions\redhat.java-1.11.0-win32-x64\jre\17.0.4.1-win32-x86_64\bin\sunmscapi.dll
0x00007ff98f9d0000 - 0x00007ff98fb26000 	C:\WINDOWS\System32\CRYPT32.dll
0x00007ff98eff0000 - 0x00007ff98f017000 	C:\WINDOWS\SYSTEM32\ncrypt.dll
0x00007ff98efb0000 - 0x00007ff98efeb000 	C:\WINDOWS\SYSTEM32\NTASN1.dll
0x00007ff983810000 - 0x00007ff98381a000 	C:\Windows\System32\rasadhlp.dll
0x00007ff982020000 - 0x00007ff9820a0000 	C:\WINDOWS\System32\fwpuclnt.dll
0x00007ff98d030000 - 0x00007ff98d037000 	C:\WINDOWS\system32\wshunix.dll

dbghelp: loaded successfully - version: 4.0.5 - missing functions: none
symbol engine: initialized successfully - sym options: 0x614 - pdb path: .;c:\Users\lg24v\.vscode\extensions\redhat.java-1.11.0-win32-x64\jre\17.0.4.1-win32-x86_64\bin;C:\WINDOWS\SYSTEM32;C:\WINDOWS\WinSxS\amd64_microsoft.windows.common-controls_6595b64144ccf1df_6.0.19041.1110_none_60b5254171f9507e;c:\Users\lg24v\.vscode\extensions\redhat.java-1.11.0-win32-x64\jre\17.0.4.1-win32-x86_64\bin\server;C:\Users\lg24v\AppData\Roaming\Code\User\globalStorage\redhat.java\1.11.0\config_win\org.eclipse.equinox.launcher\org.eclipse.equinox.launcher.win32.win32.x86_64_1.2.600.v20220720-1916;C:\Users\lg24v\AppData\Local\Temp\jna-2614219

VM Arguments:
jvm_args: --add-modules=ALL-SYSTEM --add-opens=java.base/java.util=ALL-UNNAMED --add-opens=java.base/java.lang=ALL-UNNAMED --add-opens=java.base/sun.nio.fs=ALL-UNNAMED -Declipse.application=org.eclipse.jdt.ls.core.id1 -Dosgi.bundles.defaultStartLevel=4 -Declipse.product=org.eclipse.jdt.ls.core.product -Djava.import.generatesMetadataFilesAtProjectRoot=false -Dfile.encoding=utf8 -DwatchParentProcess=false -XX:+UseParallelGC -XX:GCTimeRatio=4 -XX:AdaptiveSizePolicyWeight=90 -Dsun.zip.disableMemoryMapping=true -Xmx1G -Xms100m -Xlog:disable -javaagent:c:\Users\lg24v\.vscode\extensions\redhat.java-1.11.0-win32-x64\lombok\lombok-1.18.24.jar -XX:+HeapDumpOnOutOfMemoryError -XX:HeapDumpPath=c:\Users\lg24v\AppData\Roaming\Code\User\workspaceStorage\108bc348d9c5fd9aa4b294905fcaee87\redhat.java 
java_command: c:\Users\lg24v\.vscode\extensions\redhat.java-1.11.0-win32-x64\server\plugins\org.eclipse.equinox.launcher_1.6.400.v20210924-0641.jar -configuration c:\Users\lg24v\AppData\Roaming\Code\User\globalStorage\redhat.java\1.11.0\config_win -data c:\Users\lg24v\AppData\Roaming\Code\User\workspaceStorage\108bc348d9c5fd9aa4b294905fcaee87\redhat.java\jdt_ws
java_class_path (initial): c:\Users\lg24v\.vscode\extensions\redhat.java-1.11.0-win32-x64\server\plugins\org.eclipse.equinox.launcher_1.6.400.v20210924-0641.jar
Launcher Type: SUN_STANDARD

[Global flags]
    uintx AdaptiveSizePolicyWeight                 = 90                                        {product} {command line}
     intx CICompilerCount                          = 3                                         {product} {ergonomic}
    uintx GCTimeRatio                              = 4                                         {product} {command line}
     bool HeapDumpOnOutOfMemoryError               = true                                   {manageable} {command line}
    ccstr HeapDumpPath                             = c:\Users\lg24v\AppData\Roaming\Code\User\workspaceStorage\108bc348d9c5fd9aa4b294905fcaee87\redhat.java         {manageable} {command line}
   size_t InitialHeapSize                          = 104857600                                 {product} {command line}
   size_t MaxHeapSize                              = 1073741824                                {product} {command line}
   size_t MaxNewSize                               = 357564416                                 {product} {ergonomic}
   size_t MinHeapDeltaBytes                        = 524288                                    {product} {ergonomic}
   size_t MinHeapSize                              = 104857600                                 {product} {command line}
   size_t NewSize                                  = 34603008                                  {product} {ergonomic}
    uintx NonNMethodCodeHeapSize                   = 5832780                                {pd product} {ergonomic}
    uintx NonProfiledCodeHeapSize                  = 122912730                              {pd product} {ergonomic}
   size_t OldSize                                  = 70254592                                  {product} {ergonomic}
    uintx ProfiledCodeHeapSize                     = 122912730                              {pd product} {ergonomic}
    uintx ReservedCodeCacheSize                    = 251658240                              {pd product} {ergonomic}
     bool SegmentedCodeCache                       = true                                      {product} {ergonomic}
   size_t SoftMaxHeapSize                          = 1073741824                             {manageable} {ergonomic}
     bool UseCompressedClassPointers               = true                           {product lp64_product} {ergonomic}
     bool UseCompressedOops                        = true                           {product lp64_product} {ergonomic}
     bool UseLargePagesIndividualAllocation        = false                                  {pd product} {ergonomic}
     bool UseParallelGC                            = true                                      {product} {command line}

Logging:
Log output configuration:
 #0: stdout all=off uptime,level,tags
 #1: stderr all=off uptime,level,tags

Environment Variables:
PATH=C:\Program Files\Common Files\Oracle\Java\javapath;C:\WINDOWS\system32;C:\WINDOWS;C:\WINDOWS\System32\Wbem;C:\WINDOWS\System32\WindowsPowerShell\v1.0\;C:\Program Files\Intel\WiFi\bin\;C:\Program Files\Common Files\Intel\WirelessCommon\;C:\WINDOWS\System32\OpenSSH\;C:\Program Files\Git\cmd;C:\Users\lg24v\AppData\Local\Microsoft\WindowsApps;;C:\Users\lg24v\AppData\Local\Programs\Microsoft VS Code\bin;C:\Program Files\JetBrains\IntelliJ IDEA 2022.2.2\bin;
USERNAME=USER
OS=Windows_NT
PROCESSOR_IDENTIFIER=Intel64 Family 6 Model 61 Stepping 4, GenuineIntel
TMP=C:\Users\lg24v\AppData\Local\Temp
TEMP=C:\Users\lg24v\AppData\Local\Temp



---------------  S Y S T E M  ---------------

OS:
 Windows 10 , 64 bit Build 19041 (10.0.19041.1889)
OS uptime: 0 days 10:37 hours

CPU: total 4 (initial active 4) (2 cores per cpu, 2 threads per core) family 6 model 61 stepping 4 microcode 0x2d, cx8, cmov, fxsr, ht, mmx, 3dnowpref, sse, sse2, sse3, ssse3, sse4.1, sse4.2, popcnt, lzcnt, tsc, tscinvbit, avx, avx2, aes, erms, clmul, bmi1, bmi2, adx, fma, vzeroupper, clflush

Memory: 4k page, system-wide physical 4001M (409M free)
TotalPageFile size 6945M (AvailPageFile size 1355M)
current process WorkingSet (physical memory assigned to process): 185M, peak: 583M
current process commit charge ("private bytes"): 531M, peak: 610M

vm_info: OpenJDK 64-Bit Server VM (17.0.4.1+1) for windows-amd64 JRE (17.0.4.1+1), built on Aug 17 2022 07:42:43 by "temurin" with MS VC++ 16.7 (VS2019)

END.
