#
# A fatal error has been detected by the Java Runtime Environment:
#
#  EXCEPTION_ACCESS_VIOLATION (0xc0000005) at pc=0x00007ff93f32fbdc, pid=1992, tid=572
#
# JRE version: OpenJDK Runtime Environment Temurin-17.0.4.1+1 (17.0.4.1+1) (build 17.0.4.1+1)
# Java VM: OpenJDK 64-Bit Server VM Temurin-17.0.4.1+1 (17.0.4.1+1, mixed mode, tiered, compressed oops, compressed class ptrs, parallel gc, windows-amd64)
# Problematic frame:
# V  [jvm.dll+0x55fbdc]
#
# No core dump will be written. Minidumps are not enabled by default on client versions of Windows
#
# If you would like to submit a bug report, please visit:
#   https://github.com/adoptium/adoptium-support/issues
#

---------------  S U M M A R Y ------------

Command Line: --add-modules=ALL-SYSTEM --add-opens=java.base/java.util=ALL-UNNAMED --add-opens=java.base/java.lang=ALL-UNNAMED --add-opens=java.base/sun.nio.fs=ALL-UNNAMED -Declipse.application=org.eclipse.jdt.ls.core.id1 -Dosgi.bundles.defaultStartLevel=4 -Declipse.product=org.eclipse.jdt.ls.core.product -Djava.import.generatesMetadataFilesAtProjectRoot=false -Dfile.encoding=utf8 -DwatchParentProcess=false -XX:+UseParallelGC -XX:GCTimeRatio=4 -XX:AdaptiveSizePolicyWeight=90 -Dsun.zip.disableMemoryMapping=true -Xmx1G -Xms100m -Xlog:disable -javaagent:c:\Users\lg24v\.vscode\extensions\redhat.java-1.11.0-win32-x64\lombok\lombok-1.18.24.jar -XX:+HeapDumpOnOutOfMemoryError -XX:HeapDumpPath=c:\Users\lg24v\AppData\Roaming\Code\User\workspaceStorage\108bc348d9c5fd9aa4b294905fcaee87\redhat.java c:\Users\lg24v\.vscode\extensions\redhat.java-1.11.0-win32-x64\server\plugins\org.eclipse.equinox.launcher_1.6.400.v20210924-0641.jar -configuration c:\Users\lg24v\AppData\Roaming\Code\User\globalStorage\redhat.java\1.11.0\config_win -data c:\Users\lg24v\AppData\Roaming\Code\User\workspaceStorage\108bc348d9c5fd9aa4b294905fcaee87\redhat.java\jdt_ws

Host: Intel(R) Core(TM) i5-5200U CPU @ 2.20GHz, 4 cores, 3G,  Windows 10 , 64 bit Build 19041 (10.0.19041.1889)
Time: Sun Oct  2 08:44:35 2022 Hora est. Pacífico, Sudamérica elapsed time: 3685.473947 seconds (0d 1h 1m 25s)

---------------  T H R E A D  ---------------

Current thread (0x0000028ce1ddb6c0):  JavaThread "C2 CompilerThread0" daemon [_thread_in_native, id=572, stack(0x000000fc23500000,0x000000fc23600000)]


Current CompileTask:
C2:3685474 24381       4       org.eclipse.jdt.internal.compiler.ast.SingleNameReference::resolveType (411 bytes)

Stack: [0x000000fc23500000,0x000000fc23600000],  sp=0x000000fc235fbdb0,  free space=1007k
Native frames: (J=compiled Java code, j=interpreted, Vv=VM code, C=native code)
V  [jvm.dll+0x55fbdc]
V  [jvm.dll+0x1bb9fa]
V  [jvm.dll+0x2187d9]
V  [jvm.dll+0x217aa1]
V  [jvm.dll+0x1a3f8d]
V  [jvm.dll+0x227498]
V  [jvm.dll+0x2255e5]
V  [jvm.dll+0x7e7e9b]
V  [jvm.dll+0x7e240a]
V  [jvm.dll+0x6761a5]
C  [ucrtbase.dll+0x21bb2]
C  [KERNEL32.DLL+0x17034]
C  [ntdll.dll+0x526a1]


siginfo: EXCEPTION_ACCESS_VIOLATION (0xc0000005), reading address 0x0000008ce7559658


Register to memory mapping:

RIP=0x00007ff93f32fbdc jvm.dll
RAX=0x000000fc235fc250 is pointing into the stack for thread: 0x0000028ce1ddb6c0
RBX=0x0000028ce5b1ef20 points into unknown readable memory: 0x00007ff93f6ea280 | 80 a2 6e 3f f9 7f 00 00
RCX=0x0000008ce7559630 is an unknown value
RDX=0x0 is NULL
RSP=0x000000fc235fbdb0 is pointing into the stack for thread: 0x0000028ce1ddb6c0
RBP=0x0000000000000017 is an unknown value
RSI=0x000000fc235fbfc0 is pointing into the stack for thread: 0x0000028ce1ddb6c0
RDI=0x0000000000000040 is an unknown value
R8 =0x0000028ce95ff6e0 points into unknown readable memory: 0x000000000000000c | 0c 00 00 00 00 00 00 00
R9 =0x0 is NULL
R10=0x00007ff93f939d18 jvm.dll
R11=0x000000fc235fbda8 is pointing into the stack for thread: 0x0000028ce1ddb6c0
R12=0x0000000000000004 is an unknown value
R13=0x0000028ce8e75710 points into unknown readable memory: 0x0000000100000002 | 02 00 00 00 01 00 00 00
R14=0x0000028cf4813b98 points into unknown readable memory: 0x00007ff93f6b3c38 | 38 3c 6b 3f f9 7f 00 00
R15=0x0000028cf5716d50 points into unknown readable memory: 0x0000000200000001 | 01 00 00 00 02 00 00 00


Registers:
RAX=0x000000fc235fc250, RBX=0x0000028ce5b1ef20, RCX=0x0000008ce7559630, RDX=0x0000000000000000
RSP=0x000000fc235fbdb0, RBP=0x0000000000000017, RSI=0x000000fc235fbfc0, RDI=0x0000000000000040
R8 =0x0000028ce95ff6e0, R9 =0x0000000000000000, R10=0x00007ff93f939d18, R11=0x000000fc235fbda8
R12=0x0000000000000004, R13=0x0000028ce8e75710, R14=0x0000028cf4813b98, R15=0x0000028cf5716d50
RIP=0x00007ff93f32fbdc, EFLAGS=0x0000000000010206

Top of Stack: (sp=0x000000fc235fbdb0)
0x000000fc235fbdb0:   0000000000000141 000000fc235fbfc0
0x000000fc235fbdc0:   0000028ce5b1ef20 0000000000000000
0x000000fc235fbdd0:   0000028ce5ac39b0 0000000000000020
0x000000fc235fbde0:   0000028ce8e75710 0000000000000008
0x000000fc235fbdf0:   0000028ce1dc52c0 0000028ce92d02c0
0x000000fc235fbe00:   00000000000b5538 0000028ce92d18f0
0x000000fc235fbe10:   0000028ce92d82a8 00007ff900000010
0x000000fc235fbe20:   0000028ce8e76390 000000fc00000010
0x000000fc235fbe30:   0000028ce1dc52c0 0000000000000000
0x000000fc235fbe40:   00000000000200e0 0000028ce75bed30
0x000000fc235fbe50:   0000028ce75bed40 0000028ce1ca0960
0x000000fc235fbe60:   00000000000003d8 0000028ce75bf118
0x000000fc235fbe70:   000000fc235fc3d0 000000fc235fbf90
0x000000fc235fbe80:   000000fc235fc2f0 00007ff93ef8b9fa
0x000000fc235fbe90:   000000fc00000085 000000fc00000005
0x000000fc235fbea0:   0000028ce5b1ef20 0000000000000050 

Instructions: (pc=0x00007ff93f32fbdc)
0x00007ff93f32fadc:   00 00 00 00 45 8d 66 ff 44 3b 63 18 73 0a 48 8b
0x00007ff93f32faec:   43 20 4e 8b 34 e0 eb 03 45 33 f6 41 8b 46 2c 83
0x00007ff93f32fafc:   e0 0f 3c 0c 0f 84 75 01 00 00 48 8b 46 48 49 63
0x00007ff93f32fb0c:   56 28 48 8b 48 08 8b 3c 91 85 ff 74 5c 49 8b 47
0x00007ff93f32fb1c:   08 8b cf 48 c1 e9 08 8b df 4c 8b 04 c8 4d 3b c2
0x00007ff93f32fb2c:   75 14 8b d7 49 8b cf e8 18 90 e0 ff 4c 8b c0 4c
0x00007ff93f32fb3c:   8d 15 d6 a1 60 00 0f b6 cb ba 01 00 00 00 48 c1
0x00007ff93f32fb4c:   eb 06 80 e1 3f 83 e3 03 48 d3 e2 49 8b 0c d8 48
0x00007ff93f32fb5c:   8b c1 48 0b c2 49 89 04 d8 48 8b 9c 24 f0 00 00
0x00007ff93f32fb6c:   00 48 85 ca 75 03 41 ff 07 49 8b 45 08 48 8b cf
0x00007ff93f32fb7c:   48 c1 e9 08 4c 8b cf 49 c1 e9 06 41 b8 01 00 00
0x00007ff93f32fb8c:   00 41 83 e1 03 48 8b 14 c8 40 0f b6 cf 80 e1 3f
0x00007ff93f32fb9c:   49 d3 e0 49 8b c0 4a 8b 0c ca 48 f7 d0 48 23 c1
0x00007ff93f32fbac:   4a 89 04 ca 49 85 c8 74 04 41 ff 4d 00 41 8b 46
0x00007ff93f32fbbc:   18 83 f8 01 0f 86 9e 00 00 00 bf 08 00 00 00 8d
0x00007ff93f32fbcc:   68 ff 66 90 49 8b 46 08 48 8b 0c 38 48 8b 46 40
0x00007ff93f32fbdc:   8b 51 28 48 8b 48 78 48 39 1c d1 74 6d 48 8b 46
0x00007ff93f32fbec:   48 48 63 d2 48 8b 48 08 8b 14 91 85 d2 74 5b 49
0x00007ff93f32fbfc:   8b 45 08 8b ca 48 c1 e9 08 8b da 4c 8b 04 c8 4d
0x00007ff93f32fc0c:   3b c2 75 12 49 8b cd e8 38 8f e0 ff 4c 8b c0 4c
0x00007ff93f32fc1c:   8d 15 f6 a0 60 00 0f b6 cb ba 01 00 00 00 48 c1
0x00007ff93f32fc2c:   eb 06 80 e1 3f 83 e3 03 48 d3 e2 49 8b 0c d8 48
0x00007ff93f32fc3c:   8b c1 48 0b c2 49 89 04 d8 48 8b 9c 24 f0 00 00
0x00007ff93f32fc4c:   00 48 85 ca 75 04 41 ff 45 00 48 83 c7 08 48 83
0x00007ff93f32fc5c:   ed 01 0f 85 6c ff ff ff 44 89 a4 24 e8 00 00 00
0x00007ff93f32fc6c:   45 8b f4 41 83 fc 01 0f 87 67 fe ff ff eb 08 44
0x00007ff93f32fc7c:   8b b4 24 e8 00 00 00 45 33 e4 41 8b ee 45 85 f6
0x00007ff93f32fc8c:   0f 84 cf 00 00 00 ff cd 3b 6b 18 73 0a 48 8b 43
0x00007ff93f32fc9c:   20 48 8b 14 e8 eb 03 49 8b d4 48 8b 46 48 48 63
0x00007ff93f32fcac:   52 28 48 8b 48 08 8b 3c 91 85 ff 74 5c 49 8b 47
0x00007ff93f32fcbc:   08 8b cf 48 c1 e9 08 8b df 4c 8b 04 c8 4d 3b c2
0x00007ff93f32fccc:   75 14 8b d7 49 8b cf e8 78 8e e0 ff 4c 8b c0 4c 


Stack slot to memory mapping:
stack at sp + 0 slots: 0x0000000000000141 is an unknown value
stack at sp + 1 slots: 0x000000fc235fbfc0 is pointing into the stack for thread: 0x0000028ce1ddb6c0
stack at sp + 2 slots: 0x0000028ce5b1ef20 points into unknown readable memory: 0x00007ff93f6ea280 | 80 a2 6e 3f f9 7f 00 00
stack at sp + 3 slots: 0x0 is NULL
stack at sp + 4 slots: 0x0000028ce5ac39b0 points into unknown readable memory: 0x0000028cce04e620 | 20 e6 04 ce 8c 02 00 00
stack at sp + 5 slots: 0x0000000000000020 is an unknown value
stack at sp + 6 slots: 0x0000028ce8e75710 points into unknown readable memory: 0x0000000100000002 | 02 00 00 00 01 00 00 00
stack at sp + 7 slots: 0x0000000000000008 is an unknown value


---------------  P R O C E S S  ---------------

Threads class SMR info:
_java_thread_list=0x0000028ce72bc4c0, length=43, elements={
0x0000028ccdf81790, 0x0000028ce1d94d90, 0x0000028ce1d96220, 0x0000028ce1dce670,
0x0000028ce1dd1130, 0x0000028ce1dd4290, 0x0000028ce1dd5c50, 0x0000028ce1ddb6c0,
0x0000028ce1ddd820, 0x0000028ce1de69e0, 0x0000028ce1e1e870, 0x0000028ce3abefc0,
0x0000028ce41c6a60, 0x0000028ce423b940, 0x0000028ce422f520, 0x0000028ce4240700,
0x0000028ce4280160, 0x0000028ce50df9a0, 0x0000028ce50dbfe0, 0x0000028ce50ddcc0,
0x0000028ce75d0a50, 0x0000028ce75d4db0, 0x0000028ce55986e0, 0x0000028ce559b700,
0x0000028ce5598bb0, 0x0000028ce5598210, 0x0000028ce5599550, 0x0000028ce5597d40,
0x0000028ce75d5c20, 0x0000028ce75d3f40, 0x0000028ce75d48e0, 0x0000028ce75d13f0,
0x0000028ce75cf710, 0x0000028ce75d30d0, 0x0000028ce75cfbe0, 0x0000028ce75d60f0,
0x0000028ce75d2c00, 0x0000028ce50df4d0, 0x0000028ce50dd320, 0x0000028ce5d59f00,
0x0000028ce5d5cf20, 0x0000028ce5d5e730, 0x0000028ce5d5ca50
}

Java Threads: ( => current thread )
  0x0000028ccdf81790 JavaThread "main" [_thread_blocked, id=1232, stack(0x000000fc22c00000,0x000000fc22d00000)]
  0x0000028ce1d94d90 JavaThread "Reference Handler" daemon [_thread_blocked, id=652, stack(0x000000fc22f00000,0x000000fc23000000)]
  0x0000028ce1d96220 JavaThread "Finalizer" daemon [_thread_blocked, id=8332, stack(0x000000fc23000000,0x000000fc23100000)]
  0x0000028ce1dce670 JavaThread "Signal Dispatcher" daemon [_thread_blocked, id=4820, stack(0x000000fc23100000,0x000000fc23200000)]
  0x0000028ce1dd1130 JavaThread "Attach Listener" daemon [_thread_blocked, id=6468, stack(0x000000fc23200000,0x000000fc23300000)]
  0x0000028ce1dd4290 JavaThread "Service Thread" daemon [_thread_blocked, id=6384, stack(0x000000fc23300000,0x000000fc23400000)]
  0x0000028ce1dd5c50 JavaThread "Monitor Deflation Thread" daemon [_thread_blocked, id=6816, stack(0x000000fc23400000,0x000000fc23500000)]
=>0x0000028ce1ddb6c0 JavaThread "C2 CompilerThread0" daemon [_thread_in_native, id=572, stack(0x000000fc23500000,0x000000fc23600000)]
  0x0000028ce1ddd820 JavaThread "C1 CompilerThread0" daemon [_thread_blocked, id=5596, stack(0x000000fc23600000,0x000000fc23700000)]
  0x0000028ce1de69e0 JavaThread "Sweeper thread" daemon [_thread_blocked, id=6488, stack(0x000000fc23700000,0x000000fc23800000)]
  0x0000028ce1e1e870 JavaThread "Common-Cleaner" daemon [_thread_blocked, id=1336, stack(0x000000fc23800000,0x000000fc23900000)]
  0x0000028ce3abefc0 JavaThread "Notification Thread" daemon [_thread_blocked, id=7492, stack(0x000000fc23900000,0x000000fc23a00000)]
  0x0000028ce41c6a60 JavaThread "Active Thread: Equinox Container: 55ae14fe-ae4c-4456-9b07-0229713876fb" [_thread_blocked, id=7220, stack(0x000000fc23e00000,0x000000fc23f00000)]
  0x0000028ce423b940 JavaThread "Framework Event Dispatcher: Equinox Container: 55ae14fe-ae4c-4456-9b07-0229713876fb" daemon [_thread_blocked, id=4932, stack(0x000000fc23f00000,0x000000fc24000000)]
  0x0000028ce422f520 JavaThread "Start Level: Equinox Container: 55ae14fe-ae4c-4456-9b07-0229713876fb" daemon [_thread_blocked, id=5444, stack(0x000000fc24000000,0x000000fc24100000)]
  0x0000028ce4240700 JavaThread "SCR Component Actor" daemon [_thread_blocked, id=9052, stack(0x000000fc24100000,0x000000fc24200000)]
  0x0000028ce4280160 JavaThread "Bundle File Closer" daemon [_thread_blocked, id=8356, stack(0x000000fc24200000,0x000000fc24300000)]
  0x0000028ce50df9a0 JavaThread "Worker-JM" [_thread_blocked, id=2080, stack(0x000000fc24400000,0x000000fc24500000)]
  0x0000028ce50dbfe0 JavaThread "Java indexing" daemon [_thread_blocked, id=5568, stack(0x000000fc24900000,0x000000fc24a00000)]
  0x0000028ce50ddcc0 JavaThread "pool-1-thread-1" [_thread_in_native, id=4936, stack(0x000000fc24300000,0x000000fc24400000)]
  0x0000028ce75d0a50 JavaThread "ForkJoinPool.commonPool-worker-7" daemon [_thread_blocked, id=4216, stack(0x000000fc22b00000,0x000000fc22c00000)]
  0x0000028ce75d4db0 JavaThread "ForkJoinPool.commonPool-worker-8" daemon [_thread_blocked, id=5092, stack(0x000000fc24500000,0x000000fc24600000)]
  0x0000028ce55986e0 JavaThread "ForkJoinPool.commonPool-worker-12" daemon [_thread_blocked, id=9720, stack(0x000000fc24700000,0x000000fc24800000)]
  0x0000028ce559b700 JavaThread "ForkJoinPool.commonPool-worker-13" daemon [_thread_blocked, id=5204, stack(0x000000fc24800000,0x000000fc24900000)]
  0x0000028ce5598bb0 JavaThread "ForkJoinPool.commonPool-worker-14" daemon [_thread_blocked, id=8236, stack(0x000000fc24a00000,0x000000fc24b00000)]
  0x0000028ce5598210 JavaThread "ForkJoinPool.commonPool-worker-15" daemon [_thread_blocked, id=5140, stack(0x000000fc24b00000,0x000000fc24c00000)]
  0x0000028ce5599550 JavaThread "Worker-22" [_thread_blocked, id=9672, stack(0x000000fc22a00000,0x000000fc22b00000)]
  0x0000028ce5597d40 JavaThread "Worker-23" [_thread_blocked, id=9772, stack(0x000000fc22900000,0x000000fc22a00000)]
  0x0000028ce75d5c20 JavaThread "Java Debug Server" daemon [_thread_in_native, id=9020, stack(0x000000fc24c00000,0x000000fc24d00000)]
  0x0000028ce75d3f40 JavaThread "RxSchedulerPurge-1" daemon [_thread_blocked, id=7148, stack(0x000000fc24e00000,0x000000fc24f00000)]
  0x0000028ce75d48e0 JavaThread "RxCachedWorkerPoolEvictor-1" daemon [_thread_blocked, id=10016, stack(0x000000fc24f00000,0x000000fc25000000)]
  0x0000028ce75d13f0 JavaThread "Worker-26" [_thread_blocked, id=2008, stack(0x000000fc24600000,0x000000fc24700000)]
  0x0000028ce75cf710 JavaThread "ForkJoinPool.commonPool-worker-16" daemon [_thread_blocked, id=2944, stack(0x000000fc24d00000,0x000000fc24e00000)]
  0x0000028ce75d30d0 JavaThread "ForkJoinPool.commonPool-worker-17" daemon [_thread_blocked, id=2276, stack(0x000000fc25000000,0x000000fc25100000)]
  0x0000028ce75cfbe0 JavaThread "Worker-27" [_thread_blocked, id=1520, stack(0x000000fc25100000,0x000000fc25200000)]
  0x0000028ce75d60f0 JavaThread "Worker-28" [_thread_blocked, id=10188, stack(0x000000fc25200000,0x000000fc25300000)]
  0x0000028ce75d2c00 JavaThread "OkHttp repo.maven.apache.org" [_thread_in_native, id=7792, stack(0x000000fc25500000,0x000000fc25600000)]
  0x0000028ce50df4d0 JavaThread "OkHttp ConnectionPool" daemon [_thread_blocked, id=3068, stack(0x000000fc25600000,0x000000fc25700000)]
  0x0000028ce50dd320 JavaThread "OkHttp repo.maven.apache.org Writer" [_thread_blocked, id=7348, stack(0x000000fc25800000,0x000000fc25900000)]
  0x0000028ce5d59f00 JavaThread "pool-14-thread-1" [_thread_blocked, id=6412, stack(0x000000fc25400000,0x000000fc25500000)]
  0x0000028ce5d5cf20 JavaThread "pool-15-thread-1" [_thread_blocked, id=9620, stack(0x000000fc25700000,0x000000fc25800000)]
  0x0000028ce5d5e730 JavaThread "pool-16-thread-1" [_thread_blocked, id=9608, stack(0x000000fc25900000,0x000000fc25a00000)]
  0x0000028ce5d5ca50 JavaThread "Worker-29" [_thread_blocked, id=5372, stack(0x000000fc25a00000,0x000000fc25b00000)]

Other Threads:
  0x0000028ce1d8d240 VMThread "VM Thread" [stack: 0x000000fc22e00000,0x000000fc22f00000] [id=3648]
  0x0000028ce3abfba0 WatcherThread [stack: 0x000000fc23a00000,0x000000fc23b00000] [id=8784]
  0x0000028ccdf95810 GCTaskThread "GC Thread#0" [stack: 0x000000fc22d00000,0x000000fc22e00000] [id=1884]
  0x0000028ce3d76070 GCTaskThread "GC Thread#1" [stack: 0x000000fc23b00000,0x000000fc23c00000] [id=7812]
  0x0000028ce40db4a0 GCTaskThread "GC Thread#2" [stack: 0x000000fc23c00000,0x000000fc23d00000] [id=5380]
  0x0000028ce3d76320 GCTaskThread "GC Thread#3" [stack: 0x000000fc23d00000,0x000000fc23e00000] [id=1972]

Threads with active compile tasks:
C2 CompilerThread0  3685611 24381       4       org.eclipse.jdt.internal.compiler.ast.SingleNameReference::resolveType (411 bytes)

VM state: not at safepoint (normal execution)

VM Mutex/Monitor currently owned by a thread: None

Heap address: 0x00000000c0000000, size: 1024 MB, Compressed Oops mode: 32-bit

CDS archive(s) not mapped
Compressed class space mapped at: 0x0000000100000000-0x0000000140000000, reserved size: 1073741824
Narrow klass base: 0x0000000000000000, Narrow klass shift: 3, Narrow klass range: 0x140000000

GC Precious Log:
 CPUs: 4 total, 4 available
 Memory: 4001M
 Large Page Support: Disabled
 NUMA Support: Disabled
 Compressed Oops: Enabled (32-bit)
 Alignments: Space 512K, Generation 512K, Heap 2M
 Heap Min Capacity: 100M
 Heap Initial Capacity: 100M
 Heap Max Capacity: 1G
 Pre-touch: Disabled
 Parallel Workers: 4

Heap:
 PSYoungGen      total 8192K, used 4512K [0x00000000eab00000, 0x00000000eb500000, 0x0000000100000000)
  eden space 6144K, 43% used [0x00000000eab00000,0x00000000ead9f640,0x00000000eb100000)
  from space 2048K, 89% used [0x00000000eb100000,0x00000000eb2c8d20,0x00000000eb300000)
  to   space 2048K, 0% used [0x00000000eb300000,0x00000000eb300000,0x00000000eb500000)
 ParOldGen       total 300032K, used 263355K [0x00000000c0000000, 0x00000000d2500000, 0x00000000eab00000)
  object space 300032K, 87% used [0x00000000c0000000,0x00000000d012ec10,0x00000000d2500000)
 Metaspace       used 91525K, committed 92800K, reserved 1138688K
  class space    used 9075K, committed 9664K, reserved 1048576K

Card table byte_map: [0x0000028ccd970000,0x0000028ccdb80000] _byte_map_base: 0x0000028ccd370000

Marking Bits: (ParMarkBitMap*) 0x00007ff93f952cc0
 Begin Bits: [0x0000028cdfc20000, 0x0000028ce0c20000)
 End Bits:   [0x0000028ce0c20000, 0x0000028ce1c20000)

Polling page: 0x0000028ccd760000

Metaspace:

Usage:
  Non-class:     80.52 MB used.
      Class:      8.86 MB used.
       Both:     89.38 MB used.

Virtual space:
  Non-class space:       88.00 MB reserved,      81.19 MB ( 92%) committed,  11 nodes.
      Class space:        1.00 GB reserved,       9.44 MB ( <1%) committed,  1 nodes.
             Both:        1.09 GB reserved,      90.62 MB (  8%) committed. 

Chunk freelists:
   Non-Class:  2.72 MB
       Class:  2.50 MB
        Both:  5.22 MB

MaxMetaspaceSize: unlimited
CompressedClassSpaceSize: 1.00 GB
Initial GC threshold: 21.00 MB
Current GC threshold: 150.94 MB
CDS: off
MetaspaceReclaimPolicy: balanced
 - commit_granule_bytes: 65536.
 - commit_granule_words: 8192.
 - virtual_space_node_default_size: 1048576.
 - enlarge_chunks_in_place: 1.
 - new_chunks_are_fully_committed: 0.
 - uncommit_free_chunks: 1.
 - use_allocation_guard: 0.
 - handle_deallocations: 1.


Internal statistics:

num_allocs_failed_limit: 6.
num_arena_births: 1044.
num_arena_deaths: 172.
num_vsnodes_births: 12.
num_vsnodes_deaths: 0.
num_space_committed: 1450.
num_space_uncommitted: 0.
num_chunks_returned_to_freelist: 205.
num_chunks_taken_from_freelist: 4929.
num_chunk_merges: 56.
num_chunk_splits: 2988.
num_chunks_enlarged: 1744.
num_purges: 12.
num_inconsistent_stats: 0.

CodeHeap 'non-profiled nmethods': size=120000Kb used=22178Kb max_used=22178Kb free=97821Kb
 bounds [0x0000028cd86f0000, 0x0000028cd9ca0000, 0x0000028cdfc20000]
CodeHeap 'profiled nmethods': size=120000Kb used=35580Kb max_used=36075Kb free=84419Kb
 bounds [0x0000028cd11c0000, 0x0000028cd3510000, 0x0000028cd86f0000]
CodeHeap 'non-nmethods': size=5760Kb used=1440Kb max_used=1510Kb free=4319Kb
 bounds [0x0000028cd0c20000, 0x0000028cd0e90000, 0x0000028cd11c0000]
 total_blobs=18432 nmethods=17637 adapters=704
 compilation: enabled
              stopped_count=0, restarted_count=0
 full_count=0

Compilation events (20 events):
Event: 3683.184 Thread 0x0000028ce1ddd820 nmethod 24371 0x0000028cd306a510 code [0x0000028cd306a6c0, 0x0000028cd306a888]
Event: 3683.186 Thread 0x0000028ce1ddd820 24372       3       java.nio.ByteBuffer::clear (5 bytes)
Event: 3683.186 Thread 0x0000028ce1ddd820 nmethod 24372 0x0000028cd3069f90 code [0x0000028cd306a140, 0x0000028cd306a308]
Event: 3683.186 Thread 0x0000028ce1ddd820 24373       3       java.io.Reader::read (115 bytes)
Event: 3683.187 Thread 0x0000028ce1ddd820 nmethod 24373 0x0000028cd278a890 code [0x0000028cd278ab40, 0x0000028cd278b938]
Event: 3683.192 Thread 0x0000028ce1ddd820 24374   !   3       org.eclipse.aether.internal.impl.DefaultRepositorySystem::newLocalRepositoryManager (26 bytes)
Event: 3683.193 Thread 0x0000028ce1ddd820 nmethod 24374 0x0000028cd2eeb910 code [0x0000028cd2eebae0, 0x0000028cd2eebe08]
Event: 3683.193 Thread 0x0000028ce1ddd820 24375   !   3       org.apache.maven.settings.crypto.DefaultSettingsDecrypter::decrypt (443 bytes)
Event: 3683.196 Thread 0x0000028ce1ddb6c0 24376   !   4       org.eclipse.sisu.plexus.CompositeBeanHelper::setProperty (461 bytes)
Event: 3683.199 Thread 0x0000028ce1ddd820 nmethod 24375 0x0000028cd2c4d510 code [0x0000028cd2c4dd40, 0x0000028cd2c52328]
Event: 3683.318 Thread 0x0000028ce1ddd820 24377   !   3       org.eclipse.jdt.ls.core.internal.handlers.InlayHintsHandler::inlayHint (214 bytes)
Event: 3683.321 Thread 0x0000028ce1ddd820 nmethod 24377 0x0000028cd2fd6490 code [0x0000028cd2fd6800, 0x0000028cd2fd7d68]
Event: 3683.980 Thread 0x0000028ce1ddd820 24379   !   3       org.eclipse.jdt.internal.core.CompilationUnit::makeConsistent (140 bytes)
Event: 3683.982 Thread 0x0000028ce1ddd820 nmethod 24379 0x0000028cd2fe8690 code [0x0000028cd2fe8960, 0x0000028cd2fe9b88]
Event: 3684.369 Thread 0x0000028ce1ddb6c0 nmethod 24376 0x0000028cd9c82210 code [0x0000028cd9c82ce0, 0x0000028cd9c8d4e8]
Event: 3684.369 Thread 0x0000028ce1ddb6c0 24378       4       org.eclipse.core.runtime.Path::getFileExtension (42 bytes)
Event: 3684.380 Thread 0x0000028ce1ddb6c0 nmethod 24378 0x0000028cd9c93f10 code [0x0000028cd9c940c0, 0x0000028cd9c946d8]
Event: 3684.393 Thread 0x0000028ce1ddb6c0 24380       4       org.eclipse.jdt.core.dom.ASTConverter::convertImport (157 bytes)
Event: 3684.468 Thread 0x0000028ce1ddb6c0 nmethod 24380 0x0000028cd9c94b10 code [0x0000028cd9c94d80, 0x0000028cd9c97510]
Event: 3684.468 Thread 0x0000028ce1ddb6c0 24381       4       org.eclipse.jdt.internal.compiler.ast.SingleNameReference::resolveType (411 bytes)

GC Heap History (20 events):
Event: 3683.746 GC heap before
{Heap before GC invocations=7341 (full 184):
 PSYoungGen      total 15872K, used 6144K [0x00000000eab00000, 0x00000000ec480000, 0x0000000100000000)
  eden space 6144K, 100% used [0x00000000eab00000,0x00000000eb100000,0x00000000eb100000)
  from space 9728K, 0% used [0x00000000eba80000,0x00000000eba80000,0x00000000ec400000)
  to   space 9728K, 0% used [0x00000000eb100000,0x00000000eb100000,0x00000000eba80000)
 ParOldGen       total 300032K, used 225675K [0x00000000c0000000, 0x00000000d2500000, 0x00000000eab00000)
  object space 300032K, 75% used [0x00000000c0000000,0x00000000cdc62c90,0x00000000d2500000)
 Metaspace       used 91524K, committed 92800K, reserved 1138688K
  class space    used 9075K, committed 9664K, reserved 1048576K
}
Event: 3683.749 GC heap after
{Heap after GC invocations=7341 (full 184):
 PSYoungGen      total 10240K, used 3732K [0x00000000eab00000, 0x00000000ebd00000, 0x0000000100000000)
  eden space 6144K, 0% used [0x00000000eab00000,0x00000000eab00000,0x00000000eb100000)
  from space 4096K, 91% used [0x00000000eb100000,0x00000000eb4a5350,0x00000000eb500000)
  to   space 5632K, 0% used [0x00000000eb780000,0x00000000eb780000,0x00000000ebd00000)
 ParOldGen       total 300032K, used 225675K [0x00000000c0000000, 0x00000000d2500000, 0x00000000eab00000)
  object space 300032K, 75% used [0x00000000c0000000,0x00000000cdc62c90,0x00000000d2500000)
 Metaspace       used 91524K, committed 92800K, reserved 1138688K
  class space    used 9075K, committed 9664K, reserved 1048576K
}
Event: 3683.877 GC heap before
{Heap before GC invocations=7342 (full 184):
 PSYoungGen      total 10240K, used 9876K [0x00000000eab00000, 0x00000000ebd00000, 0x0000000100000000)
  eden space 6144K, 100% used [0x00000000eab00000,0x00000000eb100000,0x00000000eb100000)
  from space 4096K, 91% used [0x00000000eb100000,0x00000000eb4a5350,0x00000000eb500000)
  to   space 5632K, 0% used [0x00000000eb780000,0x00000000eb780000,0x00000000ebd00000)
 ParOldGen       total 300032K, used 225675K [0x00000000c0000000, 0x00000000d2500000, 0x00000000eab00000)
  object space 300032K, 75% used [0x00000000c0000000,0x00000000cdc62c90,0x00000000d2500000)
 Metaspace       used 91524K, committed 92800K, reserved 1138688K
  class space    used 9075K, committed 9664K, reserved 1048576K
}
Event: 3683.881 GC heap after
{Heap after GC invocations=7342 (full 184):
 PSYoungGen      total 8704K, used 2361K [0x00000000eab00000, 0x00000000eba00000, 0x0000000100000000)
  eden space 6144K, 0% used [0x00000000eab00000,0x00000000eab00000,0x00000000eb100000)
  from space 2560K, 92% used [0x00000000eb780000,0x00000000eb9ce420,0x00000000eba00000)
  to   space 3584K, 0% used [0x00000000eb300000,0x00000000eb300000,0x00000000eb680000)
 ParOldGen       total 300032K, used 229274K [0x00000000c0000000, 0x00000000d2500000, 0x00000000eab00000)
  object space 300032K, 76% used [0x00000000c0000000,0x00000000cdfe6bd0,0x00000000d2500000)
 Metaspace       used 91524K, committed 92800K, reserved 1138688K
  class space    used 9075K, committed 9664K, reserved 1048576K
}
Event: 3684.385 GC heap before
{Heap before GC invocations=7343 (full 184):
 PSYoungGen      total 8704K, used 8505K [0x00000000eab00000, 0x00000000eba00000, 0x0000000100000000)
  eden space 6144K, 100% used [0x00000000eab00000,0x00000000eb100000,0x00000000eb100000)
  from space 2560K, 92% used [0x00000000eb780000,0x00000000eb9ce420,0x00000000eba00000)
  to   space 3584K, 0% used [0x00000000eb300000,0x00000000eb300000,0x00000000eb680000)
 ParOldGen       total 300032K, used 259995K [0x00000000c0000000, 0x00000000d2500000, 0x00000000eab00000)
  object space 300032K, 86% used [0x00000000c0000000,0x00000000cfde6c00,0x00000000d2500000)
 Metaspace       used 91525K, committed 92800K, reserved 1138688K
  class space    used 9075K, committed 9664K, reserved 1048576K
}
Event: 3684.386 GC heap after
{Heap after GC invocations=7343 (full 184):
 PSYoungGen      total 9728K, used 282K [0x00000000eab00000, 0x00000000eb800000, 0x0000000100000000)
  eden space 6144K, 0% used [0x00000000eab00000,0x00000000eab00000,0x00000000eb100000)
  from space 3584K, 7% used [0x00000000eb300000,0x00000000eb346900,0x00000000eb680000)
  to   space 1536K, 0% used [0x00000000eb680000,0x00000000eb680000,0x00000000eb800000)
 ParOldGen       total 300032K, used 260379K [0x00000000c0000000, 0x00000000d2500000, 0x00000000eab00000)
  object space 300032K, 86% used [0x00000000c0000000,0x00000000cfe46c00,0x00000000d2500000)
 Metaspace       used 91525K, committed 92800K, reserved 1138688K
  class space    used 9075K, committed 9664K, reserved 1048576K
}
Event: 3684.410 GC heap before
{Heap before GC invocations=7344 (full 184):
 PSYoungGen      total 9728K, used 6426K [0x00000000eab00000, 0x00000000eb800000, 0x0000000100000000)
  eden space 6144K, 100% used [0x00000000eab00000,0x00000000eb100000,0x00000000eb100000)
  from space 3584K, 7% used [0x00000000eb300000,0x00000000eb346900,0x00000000eb680000)
  to   space 1536K, 0% used [0x00000000eb680000,0x00000000eb680000,0x00000000eb800000)
 ParOldGen       total 300032K, used 260379K [0x00000000c0000000, 0x00000000d2500000, 0x00000000eab00000)
  object space 300032K, 86% used [0x00000000c0000000,0x00000000cfe46c00,0x00000000d2500000)
 Metaspace       used 91525K, committed 92800K, reserved 1138688K
  class space    used 9075K, committed 9664K, reserved 1048576K
}
Event: 3684.413 GC heap after
{Heap after GC invocations=7344 (full 184):
 PSYoungGen      total 7168K, used 698K [0x00000000eab00000, 0x00000000eb780000, 0x0000000100000000)
  eden space 6144K, 0% used [0x00000000eab00000,0x00000000eab00000,0x00000000eb100000)
  from space 1024K, 68% used [0x00000000eb680000,0x00000000eb72e900,0x00000000eb780000)
  to   space 1024K, 0% used [0x00000000eb580000,0x00000000eb580000,0x00000000eb680000)
 ParOldGen       total 300032K, used 260379K [0x00000000c0000000, 0x00000000d2500000, 0x00000000eab00000)
  object space 300032K, 86% used [0x00000000c0000000,0x00000000cfe46c00,0x00000000d2500000)
 Metaspace       used 91525K, committed 92800K, reserved 1138688K
  class space    used 9075K, committed 9664K, reserved 1048576K
}
Event: 3684.448 GC heap before
{Heap before GC invocations=7345 (full 184):
 PSYoungGen      total 7168K, used 6842K [0x00000000eab00000, 0x00000000eb780000, 0x0000000100000000)
  eden space 6144K, 100% used [0x00000000eab00000,0x00000000eb100000,0x00000000eb100000)
  from space 1024K, 68% used [0x00000000eb680000,0x00000000eb72e900,0x00000000eb780000)
  to   space 1024K, 0% used [0x00000000eb580000,0x00000000eb580000,0x00000000eb680000)
 ParOldGen       total 300032K, used 260379K [0x00000000c0000000, 0x00000000d2500000, 0x00000000eab00000)
  object space 300032K, 86% used [0x00000000c0000000,0x00000000cfe46c00,0x00000000d2500000)
 Metaspace       used 91525K, committed 92800K, reserved 1138688K
  class space    used 9075K, committed 9664K, reserved 1048576K
}
Event: 3684.449 GC heap after
{Heap after GC invocations=7345 (full 184):
 PSYoungGen      total 7168K, used 128K [0x00000000eab00000, 0x00000000eb700000, 0x0000000100000000)
  eden space 6144K, 0% used [0x00000000eab00000,0x00000000eab00000,0x00000000eb100000)
  from space 1024K, 12% used [0x00000000eb580000,0x00000000eb5a0000,0x00000000eb680000)
  to   space 512K, 0% used [0x00000000eb680000,0x00000000eb680000,0x00000000eb700000)
 ParOldGen       total 300032K, used 260427K [0x00000000c0000000, 0x00000000d2500000, 0x00000000eab00000)
  object space 300032K, 86% used [0x00000000c0000000,0x00000000cfe52c00,0x00000000d2500000)
 Metaspace       used 91525K, committed 92800K, reserved 1138688K
  class space    used 9075K, committed 9664K, reserved 1048576K
}
Event: 3684.471 GC heap before
{Heap before GC invocations=7346 (full 184):
 PSYoungGen      total 7168K, used 6272K [0x00000000eab00000, 0x00000000eb700000, 0x0000000100000000)
  eden space 6144K, 100% used [0x00000000eab00000,0x00000000eb100000,0x00000000eb100000)
  from space 1024K, 12% used [0x00000000eb580000,0x00000000eb5a0000,0x00000000eb680000)
  to   space 512K, 0% used [0x00000000eb680000,0x00000000eb680000,0x00000000eb700000)
 ParOldGen       total 300032K, used 260427K [0x00000000c0000000, 0x00000000d2500000, 0x00000000eab00000)
  object space 300032K, 86% used [0x00000000c0000000,0x00000000cfe52c00,0x00000000d2500000)
 Metaspace       used 91525K, committed 92800K, reserved 1138688K
  class space    used 9075K, committed 9664K, reserved 1048576K
}
Event: 3684.473 GC heap after
{Heap after GC invocations=7346 (full 184):
 PSYoungGen      total 6656K, used 314K [0x00000000eab00000, 0x00000000eb700000, 0x0000000100000000)
  eden space 6144K, 0% used [0x00000000eab00000,0x00000000eab00000,0x00000000eb100000)
  from space 512K, 61% used [0x00000000eb680000,0x00000000eb6ce900,0x00000000eb700000)
  to   space 512K, 0% used [0x00000000eb600000,0x00000000eb600000,0x00000000eb680000)
 ParOldGen       total 300032K, used 260427K [0x00000000c0000000, 0x00000000d2500000, 0x00000000eab00000)
  object space 300032K, 86% used [0x00000000c0000000,0x00000000cfe52c00,0x00000000d2500000)
 Metaspace       used 91525K, committed 92800K, reserved 1138688K
  class space    used 9075K, committed 9664K, reserved 1048576K
}
Event: 3684.497 GC heap before
{Heap before GC invocations=7347 (full 184):
 PSYoungGen      total 6656K, used 6458K [0x00000000eab00000, 0x00000000eb700000, 0x0000000100000000)
  eden space 6144K, 100% used [0x00000000eab00000,0x00000000eb100000,0x00000000eb100000)
  from space 512K, 61% used [0x00000000eb680000,0x00000000eb6ce900,0x00000000eb700000)
  to   space 512K, 0% used [0x00000000eb600000,0x00000000eb600000,0x00000000eb680000)
 ParOldGen       total 300032K, used 260427K [0x00000000c0000000, 0x00000000d2500000, 0x00000000eab00000)
  object space 300032K, 86% used [0x00000000c0000000,0x00000000cfe52c00,0x00000000d2500000)
 Metaspace       used 91525K, committed 92800K, reserved 1138688K
  class space    used 9075K, committed 9664K, reserved 1048576K
}
Event: 3684.499 GC heap after
{Heap after GC invocations=7347 (full 184):
 PSYoungGen      total 6656K, used 458K [0x00000000eab00000, 0x00000000eb700000, 0x0000000100000000)
  eden space 6144K, 0% used [0x00000000eab00000,0x00000000eab00000,0x00000000eb100000)
  from space 512K, 89% used [0x00000000eb600000,0x00000000eb672910,0x00000000eb680000)
  to   space 512K, 0% used [0x00000000eb680000,0x00000000eb680000,0x00000000eb700000)
 ParOldGen       total 300032K, used 260427K [0x00000000c0000000, 0x00000000d2500000, 0x00000000eab00000)
  object space 300032K, 86% used [0x00000000c0000000,0x00000000cfe52c00,0x00000000d2500000)
 Metaspace       used 91525K, committed 92800K, reserved 1138688K
  class space    used 9075K, committed 9664K, reserved 1048576K
}
Event: 3684.529 GC heap before
{Heap before GC invocations=7348 (full 184):
 PSYoungGen      total 6656K, used 6602K [0x00000000eab00000, 0x00000000eb700000, 0x0000000100000000)
  eden space 6144K, 100% used [0x00000000eab00000,0x00000000eb100000,0x00000000eb100000)
  from space 512K, 89% used [0x00000000eb600000,0x00000000eb672910,0x00000000eb680000)
  to   space 512K, 0% used [0x00000000eb680000,0x00000000eb680000,0x00000000eb700000)
 ParOldGen       total 300032K, used 260427K [0x00000000c0000000, 0x00000000d2500000, 0x00000000eab00000)
  object space 300032K, 86% used [0x00000000c0000000,0x00000000cfe52c00,0x00000000d2500000)
 Metaspace       used 91525K, committed 92800K, reserved 1138688K
  class space    used 9075K, committed 9664K, reserved 1048576K
}
Event: 3684.530 GC heap after
{Heap after GC invocations=7348 (full 184):
 PSYoungGen      total 6656K, used 298K [0x00000000eab00000, 0x00000000eb700000, 0x0000000100000000)
  eden space 6144K, 0% used [0x00000000eab00000,0x00000000eab00000,0x00000000eb100000)
  from space 512K, 58% used [0x00000000eb680000,0x00000000eb6ca910,0x00000000eb700000)
  to   space 512K, 0% used [0x00000000eb600000,0x00000000eb600000,0x00000000eb680000)
 ParOldGen       total 300032K, used 260427K [0x00000000c0000000, 0x00000000d2500000, 0x00000000eab00000)
  object space 300032K, 86% used [0x00000000c0000000,0x00000000cfe52c00,0x00000000d2500000)
 Metaspace       used 91525K, committed 92800K, reserved 1138688K
  class space    used 9075K, committed 9664K, reserved 1048576K
}
Event: 3684.552 GC heap before
{Heap before GC invocations=7349 (full 184):
 PSYoungGen      total 6656K, used 6442K [0x00000000eab00000, 0x00000000eb700000, 0x0000000100000000)
  eden space 6144K, 100% used [0x00000000eab00000,0x00000000eb100000,0x00000000eb100000)
  from space 512K, 58% used [0x00000000eb680000,0x00000000eb6ca910,0x00000000eb700000)
  to   space 512K, 0% used [0x00000000eb600000,0x00000000eb600000,0x00000000eb680000)
 ParOldGen       total 300032K, used 260427K [0x00000000c0000000, 0x00000000d2500000, 0x00000000eab00000)
  object space 300032K, 86% used [0x00000000c0000000,0x00000000cfe52c00,0x00000000d2500000)
 Metaspace       used 91525K, committed 92800K, reserved 1138688K
  class space    used 9075K, committed 9664K, reserved 1048576K
}
Event: 3684.555 GC heap after
{Heap after GC invocations=7349 (full 184):
 PSYoungGen      total 6656K, used 458K [0x00000000eab00000, 0x00000000eb700000, 0x0000000100000000)
  eden space 6144K, 0% used [0x00000000eab00000,0x00000000eab00000,0x00000000eb100000)
  from space 512K, 89% used [0x00000000eb600000,0x00000000eb672910,0x00000000eb680000)
  to   space 512K, 0% used [0x00000000eb680000,0x00000000eb680000,0x00000000eb700000)
 ParOldGen       total 300032K, used 260427K [0x00000000c0000000, 0x00000000d2500000, 0x00000000eab00000)
  object space 300032K, 86% used [0x00000000c0000000,0x00000000cfe52c00,0x00000000d2500000)
 Metaspace       used 91525K, committed 92800K, reserved 1138688K
  class space    used 9075K, committed 9664K, reserved 1048576K
}
Event: 3684.576 GC heap before
{Heap before GC invocations=7350 (full 184):
 PSYoungGen      total 6656K, used 6602K [0x00000000eab00000, 0x00000000eb700000, 0x0000000100000000)
  eden space 6144K, 100% used [0x00000000eab00000,0x00000000eb100000,0x00000000eb100000)
  from space 512K, 89% used [0x00000000eb600000,0x00000000eb672910,0x00000000eb680000)
  to   space 512K, 0% used [0x00000000eb680000,0x00000000eb680000,0x00000000eb700000)
 ParOldGen       total 300032K, used 260427K [0x00000000c0000000, 0x00000000d2500000, 0x00000000eab00000)
  object space 300032K, 86% used [0x00000000c0000000,0x00000000cfe52c00,0x00000000d2500000)
 Metaspace       used 91525K, committed 92800K, reserved 1138688K
  class space    used 9075K, committed 9664K, reserved 1048576K
}
Event: 3684.578 GC heap after
{Heap after GC invocations=7350 (full 184):
 PSYoungGen      total 6656K, used 330K [0x00000000eab00000, 0x00000000eb700000, 0x0000000100000000)
  eden space 6144K, 0% used [0x00000000eab00000,0x00000000eab00000,0x00000000eb100000)
  from space 512K, 64% used [0x00000000eb680000,0x00000000eb6d2910,0x00000000eb700000)
  to   space 512K, 0% used [0x00000000eb600000,0x00000000eb600000,0x00000000eb680000)
 ParOldGen       total 300032K, used 260427K [0x00000000c0000000, 0x00000000d2500000, 0x00000000eab00000)
  object space 300032K, 86% used [0x00000000c0000000,0x00000000cfe52c00,0x00000000d2500000)
 Metaspace       used 91525K, committed 92800K, reserved 1138688K
  class space    used 9075K, committed 9664K, reserved 1048576K
}

Deoptimization events (20 events):
Event: 3680.195 Thread 0x0000028ce75d4db0 Uncommon trap: trap_request=0xffffffde fr.pc=0x0000028cd994d70c relative=0x00000000000000ec
Event: 3680.195 Thread 0x0000028ce75d4db0 Uncommon trap: reason=class_check action=maybe_recompile pc=0x0000028cd994d70c method=org.eclipse.jdt.internal.compiler.parser.Parser.consumeExitVariableWithoutInitialization()V @ 9 c2
Event: 3680.195 Thread 0x0000028ce75d4db0 DEOPT PACKING pc=0x0000028cd994d70c sp=0x000000fc245fe7b0
Event: 3680.195 Thread 0x0000028ce75d4db0 DEOPT UNPACKING pc=0x0000028cd0c720a3 sp=0x000000fc245fe740 mode 2
Event: 3680.195 Thread 0x0000028ce75d4db0 Uncommon trap: trap_request=0xffffffde fr.pc=0x0000028cd9ab4e58 relative=0x0000000000000518
Event: 3680.195 Thread 0x0000028ce75d4db0 Uncommon trap: reason=class_check action=maybe_recompile pc=0x0000028cd9ab4e58 method=org.eclipse.jdt.internal.compiler.parser.Parser.consumeFieldDeclaration()V @ 28 c2
Event: 3680.195 Thread 0x0000028ce75d4db0 DEOPT PACKING pc=0x0000028cd9ab4e58 sp=0x000000fc245fe790
Event: 3680.195 Thread 0x0000028ce75d4db0 DEOPT UNPACKING pc=0x0000028cd0c720a3 sp=0x000000fc245fe738 mode 2
Event: 3680.195 Thread 0x0000028ce75d4db0 Uncommon trap: trap_request=0xffffffde fr.pc=0x0000028cd994db9c relative=0x00000000000000fc
Event: 3680.195 Thread 0x0000028ce75d4db0 Uncommon trap: reason=class_check action=maybe_recompile pc=0x0000028cd994db9c method=org.eclipse.jdt.internal.compiler.parser.Parser.updateSourceDeclarationParts(I)V @ 89 c2
Event: 3680.195 Thread 0x0000028ce75d4db0 DEOPT PACKING pc=0x0000028cd994db9c sp=0x000000fc245fe720
Event: 3680.195 Thread 0x0000028ce75d4db0 DEOPT UNPACKING pc=0x0000028cd0c720a3 sp=0x000000fc245fe6a8 mode 2
Event: 3680.196 Thread 0x0000028ce75d4db0 Uncommon trap: trap_request=0xffffffc6 fr.pc=0x0000028cd98d3318 relative=0x0000000000001318
Event: 3680.196 Thread 0x0000028ce75d4db0 Uncommon trap: reason=bimorphic_or_optimized_type_check action=maybe_recompile pc=0x0000028cd98d3318 method=org.eclipse.jdt.internal.compiler.lookup.ClassScope.checkAndSetModifiersForField(Lorg/eclipse/jdt/internal/compiler/lookup/FieldBinding;Lorg/eclips
Event: 3680.196 Thread 0x0000028ce75d4db0 DEOPT PACKING pc=0x0000028cd98d3318 sp=0x000000fc245fe8b0
Event: 3680.196 Thread 0x0000028ce75d4db0 DEOPT UNPACKING pc=0x0000028cd0c720a3 sp=0x000000fc245fe7b8 mode 2
Event: 3680.199 Thread 0x0000028ce75d4db0 Uncommon trap: trap_request=0xffffffc6 fr.pc=0x0000028cd9a80f2c relative=0x000000000000124c
Event: 3680.199 Thread 0x0000028ce75d4db0 Uncommon trap: reason=bimorphic_or_optimized_type_check action=maybe_recompile pc=0x0000028cd9a80f2c method=org.eclipse.jdt.internal.compiler.lookup.SourceTypeBinding.resolveTypeFor(Lorg/eclipse/jdt/internal/compiler/lookup/FieldBinding;)Lorg/eclipse/jdt/
Event: 3680.199 Thread 0x0000028ce75d4db0 DEOPT PACKING pc=0x0000028cd9a80f2c sp=0x000000fc245fe930
Event: 3680.199 Thread 0x0000028ce75d4db0 DEOPT UNPACKING pc=0x0000028cd0c720a3 sp=0x000000fc245fe898 mode 2

Classes unloaded (20 events):
Event: 1040.088 Thread 0x0000028ce1d8d240 Unloading class 0x0000000100568400 'java/lang/invoke/LambdaForm$MH+0x0000000100568400'
Event: 1040.088 Thread 0x0000028ce1d8d240 Unloading class 0x0000000100568000 'java/lang/invoke/LambdaForm$MH+0x0000000100568000'
Event: 1040.088 Thread 0x0000028ce1d8d240 Unloading class 0x0000000100562000 'java/lang/invoke/LambdaForm$MH+0x0000000100562000'
Event: 1040.088 Thread 0x0000028ce1d8d240 Unloading class 0x0000000100560c00 'jdk/internal/reflect/GeneratedMethodAccessor10'
Event: 1040.088 Thread 0x0000028ce1d8d240 Unloading class 0x0000000100560800 'jdk/internal/reflect/GeneratedMethodAccessor9'
Event: 1040.088 Thread 0x0000028ce1d8d240 Unloading class 0x0000000100560000 'jdk/internal/reflect/GeneratedMethodAccessor7'
Event: 1040.088 Thread 0x0000028ce1d8d240 Unloading class 0x0000000100548800 'jdk/internal/reflect/GeneratedSerializationConstructorAccessor3'
Event: 1070.253 Thread 0x0000028ce1d8d240 Unloading class 0x00000001001d3000 'jdk/internal/reflect/GeneratedConstructorAccessor4'
Event: 1285.444 Thread 0x0000028ce1d8d240 Unloading class 0x0000000100515400 'java/lang/invoke/LambdaForm$MH+0x0000000100515400'
Event: 1285.444 Thread 0x0000028ce1d8d240 Unloading class 0x0000000100515000 'java/lang/invoke/LambdaForm$MH+0x0000000100515000'
Event: 1285.444 Thread 0x0000028ce1d8d240 Unloading class 0x0000000100514c00 'java/lang/invoke/LambdaForm$MH+0x0000000100514c00'
Event: 1285.444 Thread 0x0000028ce1d8d240 Unloading class 0x0000000100514800 'java/lang/invoke/LambdaForm$MH+0x0000000100514800'
Event: 1285.444 Thread 0x0000028ce1d8d240 Unloading class 0x0000000100514400 'java/lang/invoke/LambdaForm$MH+0x0000000100514400'
Event: 1285.444 Thread 0x0000028ce1d8d240 Unloading class 0x0000000100514000 'java/lang/invoke/LambdaForm$MH+0x0000000100514000'
Event: 1285.444 Thread 0x0000028ce1d8d240 Unloading class 0x0000000100364000 'java/lang/invoke/LambdaForm$MH+0x0000000100364000'
Event: 3184.683 Thread 0x0000028ce1d8d240 Unloading class 0x0000000100835c00 'jdk/internal/reflect/GeneratedConstructorAccessor54'
Event: 3184.699 Thread 0x0000028ce1d8d240 Unloading class 0x0000000100835800 'jdk/internal/reflect/GeneratedConstructorAccessor53'
Event: 3184.699 Thread 0x0000028ce1d8d240 Unloading class 0x0000000100835400 'jdk/internal/reflect/GeneratedConstructorAccessor52'
Event: 3184.699 Thread 0x0000028ce1d8d240 Unloading class 0x0000000100835000 'jdk/internal/reflect/GeneratedConstructorAccessor51'
Event: 3184.699 Thread 0x0000028ce1d8d240 Unloading class 0x0000000100834c00 'jdk/internal/reflect/GeneratedConstructorAccessor50'

Classes redefined (0 events):
No events

Internal exceptions (20 events):
Event: 3684.129 Thread 0x0000028ce75d60f0 Implicit null exception at 0x0000028cd236903f to 0x0000028cd236deca
Event: 3684.129 Thread 0x0000028ce75d60f0 Exception <a 'java/lang/NullPointerException'{0x00000000eaf72328}> (0x00000000eaf72328) 
thrown [s\src\hotspot\share\runtime\sharedRuntime.cpp, line 628]
Event: 3684.129 Thread 0x0000028ce75d60f0 Implicit null exception at 0x0000028cd236903f to 0x0000028cd236deca
Event: 3684.129 Thread 0x0000028ce75d60f0 Exception <a 'java/lang/NullPointerException'{0x00000000eaf72c88}> (0x00000000eaf72c88) 
thrown [s\src\hotspot\share\runtime\sharedRuntime.cpp, line 628]
Event: 3684.129 Thread 0x0000028ce75d60f0 Implicit null exception at 0x0000028cd236903f to 0x0000028cd236deca
Event: 3684.129 Thread 0x0000028ce75d60f0 Exception <a 'java/lang/NullPointerException'{0x00000000eaf73208}> (0x00000000eaf73208) 
thrown [s\src\hotspot\share\runtime\sharedRuntime.cpp, line 628]
Event: 3684.129 Thread 0x0000028ce75d60f0 Implicit null exception at 0x0000028cd236903f to 0x0000028cd236deca
Event: 3684.129 Thread 0x0000028ce75d60f0 Exception <a 'java/lang/NullPointerException'{0x00000000eaf73788}> (0x00000000eaf73788) 
thrown [s\src\hotspot\share\runtime\sharedRuntime.cpp, line 628]
Event: 3684.149 Thread 0x0000028ce75d60f0 Implicit null exception at 0x0000028cd236903f to 0x0000028cd236deca
Event: 3684.149 Thread 0x0000028ce75d60f0 Exception <a 'java/lang/NullPointerException'{0x00000000eb00b6e0}> (0x00000000eb00b6e0) 
thrown [s\src\hotspot\share\runtime\sharedRuntime.cpp, line 628]
Event: 3684.149 Thread 0x0000028ce75d60f0 Implicit null exception at 0x0000028cd236903f to 0x0000028cd236deca
Event: 3684.149 Thread 0x0000028ce75d60f0 Exception <a 'java/lang/NullPointerException'{0x00000000eb00bc60}> (0x00000000eb00bc60) 
thrown [s\src\hotspot\share\runtime\sharedRuntime.cpp, line 628]
Event: 3684.149 Thread 0x0000028ce75d60f0 Implicit null exception at 0x0000028cd236903f to 0x0000028cd236deca
Event: 3684.150 Thread 0x0000028ce75d60f0 Exception <a 'java/lang/NullPointerException'{0x00000000eb00c1e0}> (0x00000000eb00c1e0) 
thrown [s\src\hotspot\share\runtime\sharedRuntime.cpp, line 628]
Event: 3684.150 Thread 0x0000028ce75d60f0 Implicit null exception at 0x0000028cd236903f to 0x0000028cd236deca
Event: 3684.150 Thread 0x0000028ce75d60f0 Exception <a 'java/lang/NullPointerException'{0x00000000eb00cb40}> (0x00000000eb00cb40) 
thrown [s\src\hotspot\share\runtime\sharedRuntime.cpp, line 628]
Event: 3684.150 Thread 0x0000028ce75d60f0 Implicit null exception at 0x0000028cd236903f to 0x0000028cd236deca
Event: 3684.150 Thread 0x0000028ce75d60f0 Exception <a 'java/lang/NullPointerException'{0x00000000eb00d0c0}> (0x00000000eb00d0c0) 
thrown [s\src\hotspot\share\runtime\sharedRuntime.cpp, line 628]
Event: 3684.150 Thread 0x0000028ce75d60f0 Implicit null exception at 0x0000028cd236903f to 0x0000028cd236deca
Event: 3684.150 Thread 0x0000028ce75d60f0 Exception <a 'java/lang/NullPointerException'{0x00000000eb00d640}> (0x00000000eb00d640) 
thrown [s\src\hotspot\share\runtime\sharedRuntime.cpp, line 628]

VM Operations (20 events):
Event: 3683.746 Executing VM operation: ParallelGCFailedAllocation
Event: 3683.749 Executing VM operation: ParallelGCFailedAllocation done
Event: 3683.877 Executing VM operation: ParallelGCFailedAllocation
Event: 3683.881 Executing VM operation: ParallelGCFailedAllocation done
Event: 3684.385 Executing VM operation: ParallelGCFailedAllocation
Event: 3684.387 Executing VM operation: ParallelGCFailedAllocation done
Event: 3684.410 Executing VM operation: ParallelGCFailedAllocation
Event: 3684.413 Executing VM operation: ParallelGCFailedAllocation done
Event: 3684.447 Executing VM operation: ParallelGCFailedAllocation
Event: 3684.449 Executing VM operation: ParallelGCFailedAllocation done
Event: 3684.471 Executing VM operation: ParallelGCFailedAllocation
Event: 3684.473 Executing VM operation: ParallelGCFailedAllocation done
Event: 3684.497 Executing VM operation: ParallelGCFailedAllocation
Event: 3684.499 Executing VM operation: ParallelGCFailedAllocation done
Event: 3684.529 Executing VM operation: ParallelGCFailedAllocation
Event: 3684.530 Executing VM operation: ParallelGCFailedAllocation done
Event: 3684.552 Executing VM operation: ParallelGCFailedAllocation
Event: 3684.555 Executing VM operation: ParallelGCFailedAllocation done
Event: 3684.576 Executing VM operation: ParallelGCFailedAllocation
Event: 3684.578 Executing VM operation: ParallelGCFailedAllocation done

Events (20 events):
Event: 3673.524 Thread 0x0000028ce5d59f00 Thread added: 0x0000028ce5d59f00
Event: 3673.542 Thread 0x0000028ce5d5cf20 Thread added: 0x0000028ce5d5cf20
Event: 3673.654 Thread 0x0000028ce5d5e730 Thread added: 0x0000028ce5d5e730
Event: 3674.973 loading class jdk/internal/module/IllegalAccessLogger
Event: 3674.973 loading class jdk/internal/module/IllegalAccessLogger done
Event: 3674.974 Thread 0x0000028ce5d5c0b0 Thread added: 0x0000028ce5d5c0b0
Event: 3674.980 Thread 0x0000028ce5d5c0b0 Thread exited: 0x0000028ce5d5c0b0
Event: 3675.045 Thread 0x0000028ce5d5ec00 Thread added: 0x0000028ce5d5ec00
Event: 3675.051 Thread 0x0000028ce5d5ec00 Thread exited: 0x0000028ce5d5ec00
Event: 3682.708 loading class jdk/internal/module/IllegalAccessLogger
Event: 3682.708 loading class jdk/internal/module/IllegalAccessLogger done
Event: 3682.709 Thread 0x0000028ce5d5ca50 Thread added: 0x0000028ce5d5ca50
Event: 3682.713 Thread 0x0000028ce5d5ca50 Thread exited: 0x0000028ce5d5ca50
Event: 3682.823 Thread 0x0000028ce5d5ec00 Thread added: 0x0000028ce5d5ec00
Event: 3682.839 Thread 0x0000028ce5d5ec00 Thread exited: 0x0000028ce5d5ec00
Event: 3683.762 loading class jdk/internal/module/IllegalAccessLogger
Event: 3683.762 loading class jdk/internal/module/IllegalAccessLogger done
Event: 3683.762 Thread 0x0000028ce5d59090 Thread added: 0x0000028ce5d59090
Event: 3683.798 Thread 0x0000028ce5d59090 Thread exited: 0x0000028ce5d59090
Event: 3684.383 Thread 0x0000028ce5d5ca50 Thread added: 0x0000028ce5d5ca50


Dynamic libraries:
0x00007ff7d7ed0000 - 0x00007ff7d7ede000 	c:\Users\lg24v\.vscode\extensions\redhat.java-1.11.0-win32-x64\jre\17.0.4.1-win32-x86_64\bin\java.exe
0x00007ff9922b0000 - 0x00007ff9924a8000 	C:\WINDOWS\SYSTEM32\ntdll.dll
0x00007ff991370000 - 0x00007ff99142d000 	C:\WINDOWS\System32\KERNEL32.DLL
0x00007ff98fca0000 - 0x00007ff98ff6e000 	C:\WINDOWS\System32\KERNELBASE.dll
0x00007ff98ff70000 - 0x00007ff990070000 	C:\WINDOWS\System32\ucrtbase.dll
0x00007ff98cfd0000 - 0x00007ff98cfe8000 	c:\Users\lg24v\.vscode\extensions\redhat.java-1.11.0-win32-x64\jre\17.0.4.1-win32-x86_64\bin\jli.dll
0x00007ff985620000 - 0x00007ff985639000 	c:\Users\lg24v\.vscode\extensions\redhat.java-1.11.0-win32-x64\jre\17.0.4.1-win32-x86_64\bin\VCRUNTIME140.dll
0x00007ff992000000 - 0x00007ff9921a0000 	C:\WINDOWS\System32\USER32.dll
0x00007ff990070000 - 0x00007ff990092000 	C:\WINDOWS\System32\win32u.dll
0x00007ff98ece0000 - 0x00007ff98ef7a000 	C:\WINDOWS\WinSxS\amd64_microsoft.windows.common-controls_6595b64144ccf1df_6.0.19041.1110_none_60b5254171f9507e\COMCTL32.dll
0x00007ff991fd0000 - 0x00007ff991ffa000 	C:\WINDOWS\System32\GDI32.dll
0x00007ff990f20000 - 0x00007ff990fbe000 	C:\WINDOWS\System32\msvcrt.dll
0x00007ff9900d0000 - 0x00007ff9901db000 	C:\WINDOWS\System32\gdi32full.dll
0x00007ff9901e0000 - 0x00007ff99027d000 	C:\WINDOWS\System32\msvcp_win.dll
0x00007ff991330000 - 0x00007ff991360000 	C:\WINDOWS\System32\IMM32.DLL
0x00007ff98d310000 - 0x00007ff98d31c000 	c:\Users\lg24v\.vscode\extensions\redhat.java-1.11.0-win32-x64\jre\17.0.4.1-win32-x86_64\bin\vcruntime140_1.dll
0x00007ff9656c0000 - 0x00007ff965751000 	c:\Users\lg24v\.vscode\extensions\redhat.java-1.11.0-win32-x64\jre\17.0.4.1-win32-x86_64\bin\msvcp140.dll
0x00007ff93edd0000 - 0x00007ff93fa16000 	c:\Users\lg24v\.vscode\extensions\redhat.java-1.11.0-win32-x64\jre\17.0.4.1-win32-x86_64\bin\server\jvm.dll
0x00007ff990720000 - 0x00007ff9907ce000 	C:\WINDOWS\System32\ADVAPI32.dll
0x00007ff991290000 - 0x00007ff99132c000 	C:\WINDOWS\System32\sechost.dll
0x00007ff990fc0000 - 0x00007ff9910e5000 	C:\WINDOWS\System32\RPCRT4.dll
0x00007ff991160000 - 0x00007ff991168000 	C:\WINDOWS\System32\PSAPI.DLL
0x00007ff98d260000 - 0x00007ff98d269000 	C:\WINDOWS\SYSTEM32\WSOCK32.dll
0x00007ff980460000 - 0x00007ff980487000 	C:\WINDOWS\SYSTEM32\WINMM.dll
0x00007ff97a5d0000 - 0x00007ff97a5da000 	C:\WINDOWS\SYSTEM32\VERSION.dll
0x00007ff991f60000 - 0x00007ff991fcb000 	C:\WINDOWS\System32\WS2_32.dll
0x00007ff98cde0000 - 0x00007ff98cdf2000 	C:\WINDOWS\SYSTEM32\kernel.appcore.dll
0x00007ff97f1c0000 - 0x00007ff97f1ca000 	c:\Users\lg24v\.vscode\extensions\redhat.java-1.11.0-win32-x64\jre\17.0.4.1-win32-x86_64\bin\jimage.dll
0x00007ff98f380000 - 0x00007ff98f564000 	C:\WINDOWS\SYSTEM32\DBGHELP.DLL
0x00007ff98f020000 - 0x00007ff98f04c000 	C:\WINDOWS\SYSTEM32\dbgcore.DLL
0x00007ff990280000 - 0x00007ff990302000 	C:\WINDOWS\System32\bcryptPrimitives.dll
0x00007ff97d2a0000 - 0x00007ff97d2ae000 	c:\Users\lg24v\.vscode\extensions\redhat.java-1.11.0-win32-x64\jre\17.0.4.1-win32-x86_64\bin\instrument.dll
0x00007ff97c0f0000 - 0x00007ff97c115000 	c:\Users\lg24v\.vscode\extensions\redhat.java-1.11.0-win32-x64\jre\17.0.4.1-win32-x86_64\bin\java.dll
0x00007ff97d280000 - 0x00007ff97d298000 	c:\Users\lg24v\.vscode\extensions\redhat.java-1.11.0-win32-x64\jre\17.0.4.1-win32-x86_64\bin\zip.dll
0x00007ff9907d0000 - 0x00007ff990f13000 	C:\WINDOWS\System32\SHELL32.dll
0x00007ff98d490000 - 0x00007ff98dc25000 	C:\WINDOWS\SYSTEM32\windows.storage.dll
0x00007ff990310000 - 0x00007ff990664000 	C:\WINDOWS\System32\combase.dll
0x00007ff98ef80000 - 0x00007ff98efb0000 	C:\WINDOWS\SYSTEM32\Wldp.dll
0x00007ff9918b0000 - 0x00007ff99195d000 	C:\WINDOWS\System32\SHCORE.dll
0x00007ff991960000 - 0x00007ff9919b5000 	C:\WINDOWS\System32\shlwapi.dll
0x00007ff98f910000 - 0x00007ff98f92f000 	C:\WINDOWS\SYSTEM32\profapi.dll
0x00007ff97bb90000 - 0x00007ff97bba9000 	C:\Users\lg24v\.vscode\extensions\redhat.java-1.11.0-win32-x64\jre\17.0.4.1-win32-x86_64\bin\net.dll
0x00007ff9820a0000 - 0x00007ff9821aa000 	C:\WINDOWS\SYSTEM32\WINHTTP.dll
0x00007ff98ea60000 - 0x00007ff98eaca000 	C:\WINDOWS\system32\mswsock.dll
0x00007ff979cf0000 - 0x00007ff979d05000 	C:\Users\lg24v\.vscode\extensions\redhat.java-1.11.0-win32-x64\jre\17.0.4.1-win32-x86_64\bin\nio.dll
0x00007ff97ca90000 - 0x00007ff97caa0000 	c:\Users\lg24v\.vscode\extensions\redhat.java-1.11.0-win32-x64\jre\17.0.4.1-win32-x86_64\bin\verify.dll
0x00007ff964b50000 - 0x00007ff964b8e000 	C:\Users\lg24v\AppData\Roaming\Code\User\globalStorage\redhat.java\1.11.0\config_win\org.eclipse.equinox.launcher\org.eclipse.equinox.launcher.win32.win32.x86_64_1.2.600.v20220720-1916\eclipse_11700.dll
0x00007ff9919c0000 - 0x00007ff991aea000 	C:\WINDOWS\System32\ole32.dll
0x00007ff978cf0000 - 0x00007ff978cf9000 	C:\Users\lg24v\.vscode\extensions\redhat.java-1.11.0-win32-x64\jre\17.0.4.1-win32-x86_64\bin\management.dll
0x00007ff977880000 - 0x00007ff97788b000 	C:\Users\lg24v\.vscode\extensions\redhat.java-1.11.0-win32-x64\jre\17.0.4.1-win32-x86_64\bin\management_ext.dll
0x00007ff98f690000 - 0x00007ff98f6a8000 	C:\WINDOWS\SYSTEM32\CRYPTSP.dll
0x00007ff98e3c0000 - 0x00007ff98e3f4000 	C:\WINDOWS\system32\rsaenh.dll
0x00007ff9900a0000 - 0x00007ff9900c7000 	C:\WINDOWS\System32\bcrypt.dll
0x00007ff98f8d0000 - 0x00007ff98f8fe000 	C:\WINDOWS\SYSTEM32\USERENV.dll
0x00007ff98ec50000 - 0x00007ff98ec5c000 	C:\WINDOWS\SYSTEM32\CRYPTBASE.dll
0x00007ff98e620000 - 0x00007ff98e65b000 	C:\WINDOWS\SYSTEM32\IPHLPAPI.DLL
0x00007ff991150000 - 0x00007ff991158000 	C:\WINDOWS\System32\NSI.dll
0x00007ff9837e0000 - 0x00007ff9837f7000 	C:\WINDOWS\SYSTEM32\dhcpcsvc6.DLL
0x00007ff9837c0000 - 0x00007ff9837dd000 	C:\WINDOWS\SYSTEM32\dhcpcsvc.DLL
0x00007ff98e6f0000 - 0x00007ff98e7ba000 	C:\WINDOWS\SYSTEM32\DNSAPI.dll
0x00007ff93fb30000 - 0x00007ff93fb74000 	C:\Users\lg24v\AppData\Local\Temp\jna-2614219\jna4758832758280469496.dll
0x00007ff97bc20000 - 0x00007ff97bc2e000 	C:\Users\lg24v\.vscode\extensions\redhat.java-1.11.0-win32-x64\jre\17.0.4.1-win32-x86_64\bin\sunmscapi.dll
0x00007ff98f9d0000 - 0x00007ff98fb26000 	C:\WINDOWS\System32\CRYPT32.dll
0x00007ff98eff0000 - 0x00007ff98f017000 	C:\WINDOWS\SYSTEM32\ncrypt.dll
0x00007ff98efb0000 - 0x00007ff98efeb000 	C:\WINDOWS\SYSTEM32\NTASN1.dll
0x00007ff983810000 - 0x00007ff98381a000 	C:\Windows\System32\rasadhlp.dll
0x00007ff982020000 - 0x00007ff9820a0000 	C:\WINDOWS\System32\fwpuclnt.dll

dbghelp: loaded successfully - version: 4.0.5 - missing functions: none
symbol engine: initialized successfully - sym options: 0x614 - pdb path: .;c:\Users\lg24v\.vscode\extensions\redhat.java-1.11.0-win32-x64\jre\17.0.4.1-win32-x86_64\bin;C:\WINDOWS\SYSTEM32;C:\WINDOWS\WinSxS\amd64_microsoft.windows.common-controls_6595b64144ccf1df_6.0.19041.1110_none_60b5254171f9507e;c:\Users\lg24v\.vscode\extensions\redhat.java-1.11.0-win32-x64\jre\17.0.4.1-win32-x86_64\bin\server;C:\Users\lg24v\AppData\Roaming\Code\User\globalStorage\redhat.java\1.11.0\config_win\org.eclipse.equinox.launcher\org.eclipse.equinox.launcher.win32.win32.x86_64_1.2.600.v20220720-1916;C:\Users\lg24v\AppData\Local\Temp\jna-2614219

VM Arguments:
jvm_args: --add-modules=ALL-SYSTEM --add-opens=java.base/java.util=ALL-UNNAMED --add-opens=java.base/java.lang=ALL-UNNAMED --add-opens=java.base/sun.nio.fs=ALL-UNNAMED -Declipse.application=org.eclipse.jdt.ls.core.id1 -Dosgi.bundles.defaultStartLevel=4 -Declipse.product=org.eclipse.jdt.ls.core.product -Djava.import.generatesMetadataFilesAtProjectRoot=false -Dfile.encoding=utf8 -DwatchParentProcess=false -XX:+UseParallelGC -XX:GCTimeRatio=4 -XX:AdaptiveSizePolicyWeight=90 -Dsun.zip.disableMemoryMapping=true -Xmx1G -Xms100m -Xlog:disable -javaagent:c:\Users\lg24v\.vscode\extensions\redhat.java-1.11.0-win32-x64\lombok\lombok-1.18.24.jar -XX:+HeapDumpOnOutOfMemoryError -XX:HeapDumpPath=c:\Users\lg24v\AppData\Roaming\Code\User\workspaceStorage\108bc348d9c5fd9aa4b294905fcaee87\redhat.java 
java_command: c:\Users\lg24v\.vscode\extensions\redhat.java-1.11.0-win32-x64\server\plugins\org.eclipse.equinox.launcher_1.6.400.v20210924-0641.jar -configuration c:\Users\lg24v\AppData\Roaming\Code\User\globalStorage\redhat.java\1.11.0\config_win -data c:\Users\lg24v\AppData\Roaming\Code\User\workspaceStorage\108bc348d9c5fd9aa4b294905fcaee87\redhat.java\jdt_ws
java_class_path (initial): c:\Users\lg24v\.vscode\extensions\redhat.java-1.11.0-win32-x64\server\plugins\org.eclipse.equinox.launcher_1.6.400.v20210924-0641.jar
Launcher Type: SUN_STANDARD

[Global flags]
    uintx AdaptiveSizePolicyWeight                 = 90                                        {product} {command line}
     intx CICompilerCount                          = 3                                         {product} {ergonomic}
    uintx GCTimeRatio                              = 4                                         {product} {command line}
     bool HeapDumpOnOutOfMemoryError               = true                                   {manageable} {command line}
    ccstr HeapDumpPath                             = c:\Users\lg24v\AppData\Roaming\Code\User\workspaceStorage\108bc348d9c5fd9aa4b294905fcaee87\redhat.java         {manageable} {command line}
   size_t InitialHeapSize                          = 104857600                                 {product} {command line}
   size_t MaxHeapSize                              = 1073741824                                {product} {command line}
   size_t MaxNewSize                               = 357564416                                 {product} {ergonomic}
   size_t MinHeapDeltaBytes                        = 524288                                    {product} {ergonomic}
   size_t MinHeapSize                              = 104857600                                 {product} {command line}
   size_t NewSize                                  = 34603008                                  {product} {ergonomic}
    uintx NonNMethodCodeHeapSize                   = 5832780                                {pd product} {ergonomic}
    uintx NonProfiledCodeHeapSize                  = 122912730                              {pd product} {ergonomic}
   size_t OldSize                                  = 70254592                                  {product} {ergonomic}
    uintx ProfiledCodeHeapSize                     = 122912730                              {pd product} {ergonomic}
    uintx ReservedCodeCacheSize                    = 251658240                              {pd product} {ergonomic}
     bool SegmentedCodeCache                       = true                                      {product} {ergonomic}
   size_t SoftMaxHeapSize                          = 1073741824                             {manageable} {ergonomic}
     bool UseCompressedClassPointers               = true                           {product lp64_product} {ergonomic}
     bool UseCompressedOops                        = true                           {product lp64_product} {ergonomic}
     bool UseLargePagesIndividualAllocation        = false                                  {pd product} {ergonomic}
     bool UseParallelGC                            = true                                      {product} {command line}

Logging:
Log output configuration:
 #0: stdout all=off uptime,level,tags
 #1: stderr all=off uptime,level,tags

Environment Variables:
PATH=C:\Program Files\Common Files\Oracle\Java\javapath;C:\WINDOWS\system32;C:\WINDOWS;C:\WINDOWS\System32\Wbem;C:\WINDOWS\System32\WindowsPowerShell\v1.0\;C:\Program Files\Intel\WiFi\bin\;C:\Program Files\Common Files\Intel\WirelessCommon\;C:\WINDOWS\System32\OpenSSH\;C:\Program Files\Git\cmd;C:\Users\lg24v\AppData\Local\Microsoft\WindowsApps;;C:\Users\lg24v\AppData\Local\Programs\Microsoft VS Code\bin;C:\Program Files\JetBrains\IntelliJ IDEA 2022.2.2\bin;
USERNAME=USER
OS=Windows_NT
PROCESSOR_IDENTIFIER=Intel64 Family 6 Model 61 Stepping 4, GenuineIntel
TMP=C:\Users\lg24v\AppData\Local\Temp
TEMP=C:\Users\lg24v\AppData\Local\Temp



---------------  S Y S T E M  ---------------

OS:
 Windows 10 , 64 bit Build 19041 (10.0.19041.1889)
OS uptime: 0 days 8:42 hours

CPU: total 4 (initial active 4) (2 cores per cpu, 2 threads per core) family 6 model 61 stepping 4 microcode 0x2d, cx8, cmov, fxsr, ht, mmx, 3dnowpref, sse, sse2, sse3, ssse3, sse4.1, sse4.2, popcnt, lzcnt, tsc, tscinvbit, avx, avx2, aes, erms, clmul, bmi1, bmi2, adx, fma, vzeroupper, clflush

Memory: 4k page, system-wide physical 4001M (485M free)
TotalPageFile size 6945M (AvailPageFile size 1583M)
current process WorkingSet (physical memory assigned to process): 552M, peak: 609M
current process commit charge ("private bytes"): 593M, peak: 657M

vm_info: OpenJDK 64-Bit Server VM (17.0.4.1+1) for windows-amd64 JRE (17.0.4.1+1), built on Aug 17 2022 07:42:43 by "temurin" with MS VC++ 16.7 (VS2019)

END.
